{"/Users/aserafin/Projects/near-api-js/packages/near-api-js/src/account.ts": {"path":"/Users/aserafin/Projects/near-api-js/packages/near-api-js/src/account.ts","statementMap":{"0":{"start":{"line":1,"column":0},"end":{"line":1,"column":23}},"1":{"start":{"line":3,"column":0},"end":{"line":3,"column":null}},"2":{"start":{"line":19,"column":0},"end":{"line":19,"column":78}},"3":{"start":{"line":32,"column":0},"end":{"line":32,"column":47}},"4":{"start":{"line":33,"column":0},"end":{"line":33,"column":45}},"5":{"start":{"line":34,"column":0},"end":{"line":34,"column":65}},"6":{"start":{"line":35,"column":0},"end":{"line":35,"column":69}},"7":{"start":{"line":37,"column":0},"end":{"line":37,"column":56}},"8":{"start":{"line":39,"column":0},"end":{"line":39,"column":61}},"9":{"start":{"line":42,"column":30},"end":{"line":42,"column":32}},"10":{"start":{"line":45,"column":28},"end":{"line":45,"column":31}},"11":{"start":{"line":48,"column":36},"end":{"line":48,"column":39}},"12":{"start":{"line":145,"column":4},"end":{"line":145,"column":56}},"13":{"start":{"line":149,"column":4},"end":{"line":149,"column":46}},"14":{"start":{"line":285,"column":4},"end":{"line":285,"column":69}},"15":{"start":{"line":164,"column":8},"end":{"line":164,"column":37}},"16":{"start":{"line":165,"column":8},"end":{"line":165,"column":35}},"17":{"start":{"line":173,"column":8},"end":{"line":177,"column":11}},"18":{"start":{"line":182,"column":8},"end":{"line":190,"column":null}},"19":{"start":{"line":183,"column":12},"end":{"line":189,"column":null}},"20":{"start":{"line":184,"column":16},"end":{"line":184,"column":114}},"21":{"start":{"line":185,"column":16},"end":{"line":185,"column":62}},"22":{"start":{"line":186,"column":16},"end":{"line":188,"column":null}},"23":{"start":{"line":187,"column":20},"end":{"line":187,"column":81}},"24":{"start":{"line":195,"column":8},"end":{"line":199,"column":null}},"25":{"start":{"line":196,"column":12},"end":{"line":198,"column":null}},"26":{"start":{"line":197,"column":16},"end":{"line":197,"column":68}},"27":{"start":{"line":209,"column":30},"end":{"line":209,"column":75}},"28":{"start":{"line":210,"column":8},"end":{"line":212,"column":null}},"29":{"start":{"line":211,"column":12},"end":{"line":211,"column":193}},"30":{"start":{"line":213,"column":30},"end":{"line":213,"column":43}},"31":{"start":{"line":215,"column":22},"end":{"line":215,"column":81}},"32":{"start":{"line":216,"column":26},"end":{"line":216,"column":43}},"33":{"start":{"line":218,"column":22},"end":{"line":218,"column":52}},"34":{"start":{"line":219,"column":8},"end":{"line":221,"column":10}},"35":{"start":{"line":231,"column":23},"end":{"line":251,"column":10}},"36":{"start":{"line":231,"column":132},"end":{"line":251,"column":10}},"37":{"start":{"line":232,"column":12},"end":{"line":232,"column":81}},"38":{"start":{"line":233,"column":30},"end":{"line":233,"column":60}},"39":{"start":{"line":235,"column":12},"end":{"line":250,"column":null}},"40":{"start":{"line":236,"column":16},"end":{"line":236,"column":80}},"41":{"start":{"line":238,"column":16},"end":{"line":242,"column":null}},"42":{"start":{"line":239,"column":20},"end":{"line":239,"column":107}},"43":{"start":{"line":240,"column":20},"end":{"line":240,"column":80}},"44":{"start":{"line":241,"column":20},"end":{"line":241,"column":32}},"45":{"start":{"line":243,"column":16},"end":{"line":246,"column":null}},"46":{"start":{"line":244,"column":20},"end":{"line":244,"column":117}},"47":{"start":{"line":245,"column":20},"end":{"line":245,"column":32}},"48":{"start":{"line":248,"column":16},"end":{"line":248,"column":69}},"49":{"start":{"line":249,"column":16},"end":{"line":249,"column":28}},"50":{"start":{"line":252,"column":8},"end":{"line":255,"column":null}},"51":{"start":{"line":254,"column":12},"end":{"line":254,"column":177}},"52":{"start":{"line":257,"column":25},"end":{"line":266,"column":14}},"53":{"start":{"line":258,"column":12},"end":{"line":265,"column":30}},"54":{"start":{"line":260,"column":16},"end":{"line":264,"column":19}},"55":{"start":{"line":265,"column":19},"end":{"line":265,"column":30}},"56":{"start":{"line":267,"column":8},"end":{"line":267,"column":77}},"57":{"start":{"line":270,"column":8},"end":{"line":279,"column":null}},"58":{"start":{"line":272,"column":12},"end":{"line":278,"column":null}},"59":{"start":{"line":273,"column":16},"end":{"line":275,"column":54}},"60":{"start":{"line":277,"column":16},"end":{"line":277,"column":47}},"61":{"start":{"line":281,"column":8},"end":{"line":281,"column":22}},"62":{"start":{"line":299,"column":26},"end":{"line":299,"column":110}},"63":{"start":{"line":300,"column":8},"end":{"line":302,"column":null}},"64":{"start":{"line":301,"column":12},"end":{"line":301,"column":113}},"65":{"start":{"line":304,"column":32},"end":{"line":304,"column":84}},"66":{"start":{"line":305,"column":8},"end":{"line":307,"column":null}},"67":{"start":{"line":306,"column":12},"end":{"line":306,"column":61}},"68":{"start":{"line":309,"column":8},"end":{"line":338,"column":null}},"69":{"start":{"line":310,"column":33},"end":{"line":315,"column":14}},"70":{"start":{"line":318,"column":27},"end":{"line":320,"column":null}},"71":{"start":{"line":326,"column":12},"end":{"line":328,"column":null}},"72":{"start":{"line":327,"column":16},"end":{"line":327,"column":102}},"73":{"start":{"line":330,"column":12},"end":{"line":330,"column":77}},"74":{"start":{"line":331,"column":12},"end":{"line":331,"column":44}},"75":{"start":{"line":333,"column":12},"end":{"line":335,"column":null}},"76":{"start":{"line":334,"column":16},"end":{"line":334,"column":28}},"77":{"start":{"line":337,"column":12},"end":{"line":337,"column":20}},"78":{"start":{"line":350,"column":26},"end":{"line":350,"column":41}},"79":{"start":{"line":351,"column":8},"end":{"line":354,"column":11}},"80":{"start":{"line":355,"column":32},"end":{"line":355,"column":72}},"81":{"start":{"line":356,"column":8},"end":{"line":356,"column":31}},"82":{"start":{"line":364,"column":8},"end":{"line":367,"column":11}},"83":{"start":{"line":375,"column":26},"end":{"line":375,"column":41}},"84":{"start":{"line":376,"column":8},"end":{"line":379,"column":11}},"85":{"start":{"line":386,"column":8},"end":{"line":388,"column":null}},"86":{"start":{"line":387,"column":12},"end":{"line":387,"column":163}},"87":{"start":{"line":389,"column":8},"end":{"line":392,"column":11}},"88":{"start":{"line":399,"column":8},"end":{"line":402,"column":11}},"89":{"start":{"line":407,"column":8},"end":{"line":407,"column":132}},"90":{"start":{"line":415,"column":8},"end":{"line":415,"column":32}},"91":{"start":{"line":418,"column":8},"end":{"line":424,"column":null}},"92":{"start":{"line":419,"column":32},"end":{"line":419,"column":105}},"93":{"start":{"line":420,"column":12},"end":{"line":420,"column":101}},"94":{"start":{"line":422,"column":33},"end":{"line":422,"column":91}},"95":{"start":{"line":423,"column":12},"end":{"line":423,"column":93}},"96":{"start":{"line":426,"column":8},"end":{"line":432,"column":11}},"97":{"start":{"line":444,"column":8},"end":{"line":446,"column":null}},"98":{"start":{"line":445,"column":12},"end":{"line":445,"column":29}},"99":{"start":{"line":447,"column":8},"end":{"line":449,"column":null}},"100":{"start":{"line":448,"column":12},"end":{"line":448,"column":40}},"101":{"start":{"line":451,"column":8},"end":{"line":455,"column":null}},"102":{"start":{"line":452,"column":12},"end":{"line":452,"column":40}},"103":{"start":{"line":454,"column":12},"end":{"line":454,"column":79}},"104":{"start":{"line":456,"column":8},"end":{"line":459,"column":11}},"105":{"start":{"line":467,"column":8},"end":{"line":470,"column":11}},"106":{"start":{"line":480,"column":8},"end":{"line":483,"column":11}},"107":{"start":{"line":488,"column":29},"end":{"line":488,"column":93}},"108":{"start":{"line":489,"column":8},"end":{"line":491,"column":null}},"109":{"start":{"line":490,"column":12},"end":{"line":490,"column":19}},"110":{"start":{"line":493,"column":8},"end":{"line":495,"column":null}},"111":{"start":{"line":494,"column":12},"end":{"line":494,"column":44}},"112":{"start":{"line":523,"column":8},"end":{"line":523,"column":32}},"113":{"start":{"line":525,"column":8},"end":{"line":529,"column":null}},"114":{"start":{"line":526,"column":12},"end":{"line":526,"column":134}},"115":{"start":{"line":528,"column":12},"end":{"line":528,"column":43}},"116":{"start":{"line":531,"column":23},"end":{"line":536,"column":null}},"117":{"start":{"line":539,"column":8},"end":{"line":541,"column":null}},"118":{"start":{"line":540,"column":12},"end":{"line":540,"column":52}},"119":{"start":{"line":543,"column":8},"end":{"line":543,"column":94}},"120":{"start":{"line":555,"column":27},"end":{"line":559,"column":null}},"121":{"start":{"line":562,"column":8},"end":{"line":565,"column":12}},"122":{"start":{"line":562,"column":47},"end":{"line":565,"column":10}},"123":{"start":{"line":573,"column":25},"end":{"line":577,"column":10}},"124":{"start":{"line":579,"column":8},"end":{"line":579,"column":130}},"125":{"start":{"line":579,"column":44},"end":{"line":579,"column":128}},"126":{"start":{"line":589,"column":27},"end":{"line":589,"column":53}},"127":{"start":{"line":590,"column":31},"end":{"line":599,"column":14}},"128":{"start":{"line":591,"column":28},"end":{"line":591,"column":71}},"129":{"start":{"line":593,"column":30},"end":{"line":593,"column":87}},"130":{"start":{"line":594,"column":16},"end":{"line":598,"column":18}},"131":{"start":{"line":600,"column":8},"end":{"line":600,"column":34}},"132":{"start":{"line":607,"column":31},"end":{"line":607,"column":112}},"133":{"start":{"line":608,"column":22},"end":{"line":608,"column":40}},"134":{"start":{"line":610,"column":28},"end":{"line":610,"column":89}},"135":{"start":{"line":611,"column":28},"end":{"line":611,"column":72}},"136":{"start":{"line":612,"column":23},"end":{"line":612,"column":43}},"137":{"start":{"line":613,"column":29},"end":{"line":613,"column":61}},"138":{"start":{"line":614,"column":33},"end":{"line":614,"column":78}},"139":{"start":{"line":616,"column":8},"end":{"line":621,"column":10}},"140":{"start":{"line":631,"column":22},"end":{"line":631,"column":81}},"141":{"start":{"line":632,"column":26},"end":{"line":632,"column":43}},"142":{"start":{"line":633,"column":24},"end":{"line":633,"column":45}},"143":{"start":{"line":634,"column":75},"end":{"line":634,"column":125}},"144":{"start":{"line":635,"column":34},"end":{"line":635,"column":43}},"145":{"start":{"line":636,"column":8},"end":{"line":637,"column":69}},"146":{"start":{"line":637,"column":36},"end":{"line":637,"column":67}},"147":{"start":{"line":639,"column":28},"end":{"line":639,"column":38}},"148":{"start":{"line":640,"column":25},"end":{"line":648,"column":14}},"149":{"start":{"line":642,"column":16},"end":{"line":647,"column":18}},"150":{"start":{"line":650,"column":24},"end":{"line":650,"column":58}},"151":{"start":{"line":652,"column":32},"end":{"line":657,"column":10}},"152":{"start":{"line":653,"column":12},"end":{"line":655,"column":null}},"153":{"start":{"line":654,"column":16},"end":{"line":654,"column":28}},"154":{"start":{"line":656,"column":12},"end":{"line":656,"column":25}},"155":{"start":{"line":660,"column":8},"end":{"line":662,"column":null}},"156":{"start":{"line":661,"column":12},"end":{"line":661,"column":69}},"157":{"start":{"line":663,"column":24},"end":{"line":683,"column":73}},"158":{"start":{"line":664,"column":32},"end":{"line":664,"column":50}},"159":{"start":{"line":665,"column":12},"end":{"line":674,"column":null}},"160":{"start":{"line":666,"column":34},"end":{"line":666,"column":53}},"161":{"start":{"line":667,"column":16},"end":{"line":673,"column":null}},"162":{"start":{"line":668,"column":20},"end":{"line":671,"column":null}},"163":{"start":{"line":675,"column":12},"end":{"line":680,"column":null}},"164":{"start":{"line":676,"column":16},"end":{"line":678,"column":null}},"165":{"start":{"line":681,"column":12},"end":{"line":681,"column":26}},"166":{"start":{"line":685,"column":8},"end":{"line":687,"column":null}},"167":{"start":{"line":159,"column":0},"end":{"line":159,"column":13}}},"fnMap":{"0":{"name":"parseJsonFromRawResponse","decl":{"start":{"line":144,"column":9},"end":{"line":144,"column":33}},"loc":{"start":{"line":144,"column":54},"end":{"line":146,"column":1}}},"1":{"name":"bytesJsonStringify","decl":{"start":{"line":148,"column":9},"end":{"line":148,"column":27}},"loc":{"start":{"line":148,"column":38},"end":{"line":150,"column":1}}},"2":{"name":"(anonymous_10)","decl":{"start":{"line":163,"column":4},"end":{"line":163,"column":16}},"loc":{"start":{"line":163,"column":57},"end":{"line":166,"column":5}}},"3":{"name":"(anonymous_11)","decl":{"start":{"line":172,"column":10},"end":{"line":172,"column":15}},"loc":{"start":{"line":172,"column":15},"end":{"line":178,"column":null}}},"4":{"name":"(anonymous_13)","decl":{"start":{"line":181,"column":12},"end":{"line":181,"column":32}},"loc":{"start":{"line":181,"column":85},"end":{"line":191,"column":5}}},"5":{"name":"(anonymous_14)","decl":{"start":{"line":194,"column":12},"end":{"line":194,"column":21}},"loc":{"start":{"line":194,"column":69},"end":{"line":200,"column":5}}},"6":{"name":"(anonymous_15)","decl":{"start":{"line":208,"column":20},"end":{"line":208,"column":35}},"loc":{"start":{"line":208,"column":73},"end":{"line":222,"column":null}}},"7":{"name":"(anonymous_17)","decl":{"start":{"line":228,"column":10},"end":{"line":228,"column":32}},"loc":{"start":{"line":228,"column":100},"end":{"line":282,"column":null}}},"8":{"name":"(anonymous_19)","decl":{"start":{"line":231,"column":121},"end":{"line":231,"column":130}},"loc":{"start":{"line":231,"column":132},"end":{"line":251,"column":10}}},"9":{"name":"(anonymous_20)","decl":{"start":{"line":231,"column":132},"end":{"line":231,"column":null}},"loc":{"start":{"line":231,"column":132},"end":{"line":251,"column":9}}},"10":{"name":"(anonymous_21)","decl":{"start":{"line":257,"column":89},"end":{"line":257,"column":90}},"loc":{"start":{"line":257,"column":101},"end":{"line":266,"column":9}}},"11":{"name":"(anonymous_22)","decl":{"start":{"line":297,"column":10},"end":{"line":297,"column":23}},"loc":{"start":{"line":297,"column":61},"end":{"line":339,"column":null}}},"12":{"name":"(anonymous_24)","decl":{"start":{"line":349,"column":10},"end":{"line":349,"column":33}},"loc":{"start":{"line":349,"column":113},"end":{"line":357,"column":null}}},"13":{"name":"(anonymous_26)","decl":{"start":{"line":363,"column":10},"end":{"line":363,"column":19}},"loc":{"start":{"line":363,"column":50},"end":{"line":368,"column":null}}},"14":{"name":"(anonymous_28)","decl":{"start":{"line":374,"column":10},"end":{"line":374,"column":23}},"loc":{"start":{"line":374,"column":87},"end":{"line":380,"column":null}}},"15":{"name":"(anonymous_30)","decl":{"start":{"line":385,"column":10},"end":{"line":385,"column":23}},"loc":{"start":{"line":385,"column":45},"end":{"line":393,"column":null}}},"16":{"name":"(anonymous_32)","decl":{"start":{"line":398,"column":10},"end":{"line":398,"column":24}},"loc":{"start":{"line":398,"column":41},"end":{"line":403,"column":null}}},"17":{"name":"(anonymous_34)","decl":{"start":{"line":406,"column":12},"end":{"line":406,"column":32}},"loc":{"start":{"line":406,"column":73},"end":{"line":408,"column":5}}},"18":{"name":"(anonymous_35)","decl":{"start":{"line":414,"column":10},"end":{"line":414,"column":22}},"loc":{"start":{"line":414,"column":191},"end":{"line":433,"column":null}}},"19":{"name":"(anonymous_37)","decl":{"start":{"line":443,"column":10},"end":{"line":443,"column":16}},"loc":{"start":{"line":443,"column":113},"end":{"line":460,"column":null}}},"20":{"name":"(anonymous_39)","decl":{"start":{"line":466,"column":10},"end":{"line":466,"column":19}},"loc":{"start":{"line":466,"column":49},"end":{"line":471,"column":null}}},"21":{"name":"(anonymous_41)","decl":{"start":{"line":479,"column":10},"end":{"line":479,"column":15}},"loc":{"start":{"line":479,"column":57},"end":{"line":484,"column":null}}},"22":{"name":"(anonymous_43)","decl":{"start":{"line":487,"column":12},"end":{"line":487,"column":24}},"loc":{"start":{"line":487,"column":34},"end":{"line":496,"column":5}}},"23":{"name":"(anonymous_44)","decl":{"start":{"line":512,"column":10},"end":{"line":512,"column":22}},"loc":{"start":{"line":520,"column":30},"end":{"line":544,"column":null}}},"24":{"name":"(anonymous_46)","decl":{"start":{"line":554,"column":10},"end":{"line":554,"column":19}},"loc":{"start":{"line":554,"column":104},"end":{"line":566,"column":null}}},"25":{"name":"(anonymous_48)","decl":{"start":{"line":562,"column":26},"end":{"line":562,"column":27}},"loc":{"start":{"line":562,"column":47},"end":{"line":565,"column":10}}},"26":{"name":"(anonymous_49)","decl":{"start":{"line":572,"column":10},"end":{"line":572,"column":23}},"loc":{"start":{"line":572,"column":23},"end":{"line":580,"column":null}}},"27":{"name":"(anonymous_51)","decl":{"start":{"line":579,"column":35},"end":{"line":579,"column":36}},"loc":{"start":{"line":579,"column":44},"end":{"line":579,"column":128}}},"28":{"name":"(anonymous_52)","decl":{"start":{"line":586,"column":10},"end":{"line":586,"column":27}},"loc":{"start":{"line":586,"column":27},"end":{"line":601,"column":null}}},"29":{"name":"(anonymous_54)","decl":{"start":{"line":591,"column":20},"end":{"line":591,"column":24}},"loc":{"start":{"line":591,"column":28},"end":{"line":591,"column":71}}},"30":{"name":"(anonymous_55)","decl":{"start":{"line":592,"column":17},"end":{"line":592,"column":21}},"loc":{"start":{"line":592,"column":24},"end":{"line":599,"column":13}}},"31":{"name":"(anonymous_56)","decl":{"start":{"line":606,"column":10},"end":{"line":606,"column":27}},"loc":{"start":{"line":606,"column":27},"end":{"line":622,"column":null}}},"32":{"name":"(anonymous_58)","decl":{"start":{"line":630,"column":10},"end":{"line":630,"column":40}},"loc":{"start":{"line":630,"column":40},"end":{"line":689,"column":null}}},"33":{"name":"(anonymous_60)","decl":{"start":{"line":637,"column":21},"end":{"line":637,"column":22}},"loc":{"start":{"line":637,"column":36},"end":{"line":637,"column":67}}},"34":{"name":"(anonymous_61)","decl":{"start":{"line":641,"column":17},"end":{"line":641,"column":18}},"loc":{"start":{"line":642,"column":16},"end":{"line":647,"column":18}}},"35":{"name":"(anonymous_62)","decl":{"start":{"line":652,"column":45},"end":{"line":652,"column":46}},"loc":{"start":{"line":652,"column":56},"end":{"line":657,"column":9}}},"36":{"name":"(anonymous_63)","decl":{"start":{"line":663,"column":39},"end":{"line":663,"column":40}},"loc":{"start":{"line":663,"column":64},"end":{"line":682,"column":9}}}},"branchMap":{"0":{"loc":{"start":{"line":182,"column":8},"end":{"line":190,"column":null}},"type":"if","locations":[{"start":{"line":182,"column":8},"end":{"line":190,"column":null}}]},"1":{"loc":{"start":{"line":184,"column":38},"end":{"line":184,"column":77}},"type":"cond-expr","locations":[{"start":{"line":184,"column":69},"end":{"line":184,"column":72}},{"start":{"line":184,"column":75},"end":{"line":184,"column":77}}]},"2":{"loc":{"start":{"line":186,"column":16},"end":{"line":188,"column":null}},"type":"if","locations":[{"start":{"line":186,"column":16},"end":{"line":188,"column":null}}]},"3":{"loc":{"start":{"line":194,"column":58},"end":{"line":194,"column":69}},"type":"default-arg","locations":[{"start":{"line":194,"column":67},"end":{"line":194,"column":69}}]},"4":{"loc":{"start":{"line":195,"column":8},"end":{"line":199,"column":null}},"type":"if","locations":[{"start":{"line":195,"column":8},"end":{"line":199,"column":null}}]},"5":{"loc":{"start":{"line":210,"column":8},"end":{"line":212,"column":null}},"type":"if","locations":[{"start":{"line":210,"column":8},"end":{"line":212,"column":null}}]},"6":{"loc":{"start":{"line":238,"column":16},"end":{"line":242,"column":null}},"type":"if","locations":[{"start":{"line":238,"column":16},"end":{"line":242,"column":null}}]},"7":{"loc":{"start":{"line":243,"column":16},"end":{"line":246,"column":null}},"type":"if","locations":[{"start":{"line":243,"column":16},"end":{"line":246,"column":null}}]},"8":{"loc":{"start":{"line":252,"column":8},"end":{"line":255,"column":null}},"type":"if","locations":[{"start":{"line":252,"column":8},"end":{"line":255,"column":null}}]},"9":{"loc":{"start":{"line":258,"column":12},"end":{"line":265,"column":30}},"type":"if","locations":[{"start":{"line":258,"column":12},"end":{"line":265,"column":30}},{"start":{"line":265,"column":19},"end":{"line":265,"column":30}}]},"10":{"loc":{"start":{"line":258,"column":16},"end":{"line":259,"column":104}},"type":"binary-expr","locations":[{"start":{"line":258,"column":16},"end":{"line":258,"column":38}},{"start":{"line":259,"column":17},"end":{"line":259,"column":54}},{"start":{"line":259,"column":58},"end":{"line":259,"column":103}}]},"11":{"loc":{"start":{"line":263,"column":31},"end":{"line":263,"column":128}},"type":"cond-expr","locations":[{"start":{"line":263,"column":81},"end":{"line":263,"column":121}},{"start":{"line":263,"column":124},"end":{"line":263,"column":128}}]},"12":{"loc":{"start":{"line":270,"column":8},"end":{"line":279,"column":null}},"type":"if","locations":[{"start":{"line":270,"column":8},"end":{"line":279,"column":null}}]},"13":{"loc":{"start":{"line":270,"column":12},"end":{"line":270,"column":141}},"type":"binary-expr","locations":[{"start":{"line":270,"column":12},"end":{"line":270,"column":24}},{"start":{"line":270,"column":28},"end":{"line":270,"column":61}},{"start":{"line":270,"column":65},"end":{"line":270,"column":106}},{"start":{"line":270,"column":111},"end":{"line":270,"column":141}}]},"14":{"loc":{"start":{"line":272,"column":12},"end":{"line":278,"column":null}},"type":"if","locations":[{"start":{"line":272,"column":12},"end":{"line":278,"column":null}},{"start":{"line":276,"column":19},"end":{"line":278,"column":null}}]},"15":{"loc":{"start":{"line":272,"column":16},"end":{"line":272,"column":87}},"type":"binary-expr","locations":[{"start":{"line":272,"column":16},"end":{"line":272,"column":51}},{"start":{"line":272,"column":55},"end":{"line":272,"column":87}}]},"16":{"loc":{"start":{"line":300,"column":8},"end":{"line":302,"column":null}},"type":"if","locations":[{"start":{"line":300,"column":8},"end":{"line":302,"column":null}}]},"17":{"loc":{"start":{"line":305,"column":8},"end":{"line":307,"column":null}},"type":"if","locations":[{"start":{"line":305,"column":8},"end":{"line":307,"column":null}}]},"18":{"loc":{"start":{"line":326,"column":12},"end":{"line":328,"column":null}},"type":"if","locations":[{"start":{"line":326,"column":12},"end":{"line":328,"column":null}}]},"19":{"loc":{"start":{"line":333,"column":12},"end":{"line":335,"column":null}},"type":"if","locations":[{"start":{"line":333,"column":12},"end":{"line":335,"column":null}}]},"20":{"loc":{"start":{"line":386,"column":8},"end":{"line":388,"column":null}},"type":"if","locations":[{"start":{"line":386,"column":8},"end":{"line":388,"column":null}}]},"21":{"loc":{"start":{"line":414,"column":49},"end":{"line":414,"column":58}},"type":"default-arg","locations":[{"start":{"line":414,"column":56},"end":{"line":414,"column":58}}]},"22":{"loc":{"start":{"line":414,"column":60},"end":{"line":414,"column":91}},"type":"default-arg","locations":[{"start":{"line":414,"column":66},"end":{"line":414,"column":91}}]},"23":{"loc":{"start":{"line":418,"column":8},"end":{"line":424,"column":null}},"type":"if","locations":[{"start":{"line":418,"column":8},"end":{"line":424,"column":null}},{"start":{"line":421,"column":14},"end":{"line":424,"column":null}}]},"24":{"loc":{"start":{"line":422,"column":33},"end":{"line":422,"column":91}},"type":"cond-expr","locations":[{"start":{"line":422,"column":59},"end":{"line":422,"column":79}},{"start":{"line":422,"column":82},"end":{"line":422,"column":91}}]},"25":{"loc":{"start":{"line":427,"column":24},"end":{"line":427,"column":78}},"type":"cond-expr","locations":[{"start":{"line":427,"column":37},"end":{"line":427,"column":66}},{"start":{"line":427,"column":68},"end":{"line":427,"column":78}}]},"26":{"loc":{"start":{"line":444,"column":8},"end":{"line":446,"column":null}},"type":"if","locations":[{"start":{"line":444,"column":8},"end":{"line":446,"column":null}}]},"27":{"loc":{"start":{"line":447,"column":8},"end":{"line":449,"column":null}},"type":"if","locations":[{"start":{"line":447,"column":8},"end":{"line":449,"column":null}}]},"28":{"loc":{"start":{"line":451,"column":8},"end":{"line":455,"column":null}},"type":"if","locations":[{"start":{"line":451,"column":8},"end":{"line":455,"column":null}},{"start":{"line":453,"column":15},"end":{"line":455,"column":null}}]},"29":{"loc":{"start":{"line":488,"column":29},"end":{"line":488,"column":93}},"type":"binary-expr","locations":[{"start":{"line":488,"column":29},"end":{"line":488,"column":58}},{"start":{"line":488,"column":62},"end":{"line":488,"column":93}}]},"30":{"loc":{"start":{"line":489,"column":8},"end":{"line":491,"column":null}},"type":"if","locations":[{"start":{"line":489,"column":8},"end":{"line":491,"column":null}}]},"31":{"loc":{"start":{"line":493,"column":8},"end":{"line":495,"column":null}},"type":"if","locations":[{"start":{"line":493,"column":8},"end":{"line":495,"column":null}}]},"32":{"loc":{"start":{"line":493,"column":12},"end":{"line":493,"column":59}},"type":"binary-expr","locations":[{"start":{"line":493,"column":12},"end":{"line":493,"column":31}},{"start":{"line":493,"column":35},"end":{"line":493,"column":59}}]},"33":{"loc":{"start":{"line":515,"column":8},"end":{"line":515,"column":17}},"type":"default-arg","locations":[{"start":{"line":515,"column":15},"end":{"line":515,"column":17}}]},"34":{"loc":{"start":{"line":516,"column":8},"end":{"line":516,"column":40}},"type":"default-arg","locations":[{"start":{"line":516,"column":16},"end":{"line":516,"column":40}}]},"35":{"loc":{"start":{"line":517,"column":8},"end":{"line":517,"column":38}},"type":"default-arg","locations":[{"start":{"line":517,"column":20},"end":{"line":517,"column":38}}]},"36":{"loc":{"start":{"line":518,"column":8},"end":{"line":518,"column":26}},"type":"default-arg","locations":[{"start":{"line":518,"column":21},"end":{"line":518,"column":26}}]},"37":{"loc":{"start":{"line":519,"column":8},"end":{"line":519,"column":47}},"type":"default-arg","locations":[{"start":{"line":519,"column":21},"end":{"line":519,"column":47}}]},"38":{"loc":{"start":{"line":525,"column":8},"end":{"line":529,"column":null}},"type":"if","locations":[{"start":{"line":525,"column":8},"end":{"line":529,"column":null}},{"start":{"line":527,"column":14},"end":{"line":529,"column":null}}]},"39":{"loc":{"start":{"line":526,"column":76},"end":{"line":526,"column":132}},"type":"cond-expr","locations":[{"start":{"line":526,"column":108},"end":{"line":526,"column":128}},{"start":{"line":526,"column":130},"end":{"line":526,"column":132}}]},"40":{"loc":{"start":{"line":534,"column":24},"end":{"line":534,"column":79}},"type":"cond-expr","locations":[{"start":{"line":534,"column":37},"end":{"line":534,"column":66}},{"start":{"line":534,"column":69},"end":{"line":534,"column":79}}]},"41":{"loc":{"start":{"line":535,"column":25},"end":{"line":535,"column":70}},"type":"cond-expr","locations":[{"start":{"line":535,"column":38},"end":{"line":535,"column":56}},{"start":{"line":535,"column":60},"end":{"line":535,"column":70}}]},"42":{"loc":{"start":{"line":539,"column":8},"end":{"line":541,"column":null}},"type":"if","locations":[{"start":{"line":539,"column":8},"end":{"line":541,"column":null}}]},"43":{"loc":{"start":{"line":543,"column":15},"end":{"line":543,"column":93}},"type":"binary-expr","locations":[{"start":{"line":543,"column":15},"end":{"line":543,"column":28}},{"start":{"line":543,"column":32},"end":{"line":543,"column":56}},{"start":{"line":543,"column":60},"end":{"line":543,"column":93}}]},"44":{"loc":{"start":{"line":554,"column":49},"end":{"line":554,"column":104}},"type":"default-arg","locations":[{"start":{"line":554,"column":78},"end":{"line":554,"column":104}}]},"45":{"loc":{"start":{"line":579,"column":15},"end":{"line":579,"column":129}},"type":"cond-expr","locations":[{"start":{"line":579,"column":29},"end":{"line":579,"column":31}},{"start":{"line":579,"column":29},"end":{"line":579,"column":129}}]},"46":{"loc":{"start":{"line":579,"column":15},"end":{"line":579,"column":31}},"type":"binary-expr","locations":[{"start":{"line":579,"column":15},"end":{"line":579,"column":31}},{"start":{"line":579,"column":29},"end":{"line":579,"column":31}}]},"47":{"loc":{"start":{"line":579,"column":15},"end":{"line":579,"column":29}},"type":"cond-expr","locations":[{"start":{"line":579,"column":23},"end":{"line":579,"column":25}},{"start":{"line":579,"column":15},"end":{"line":579,"column":29}}]},"48":{"loc":{"start":{"line":579,"column":15},"end":{"line":579,"column":25}},"type":"binary-expr","locations":[{"start":{"line":579,"column":15},"end":{"line":579,"column":25}},{"start":{"line":579,"column":15},"end":{"line":579,"column":25}}]},"49":{"loc":{"start":{"line":653,"column":12},"end":{"line":655,"column":null}},"type":"if","locations":[{"start":{"line":653,"column":12},"end":{"line":655,"column":null}}]},"50":{"loc":{"start":{"line":653,"column":16},"end":{"line":653,"column":85}},"type":"binary-expr","locations":[{"start":{"line":653,"column":16},"end":{"line":653,"column":44}},{"start":{"line":653,"column":48},"end":{"line":653,"column":85}}]},"51":{"loc":{"start":{"line":660,"column":8},"end":{"line":662,"column":null}},"type":"if","locations":[{"start":{"line":660,"column":8},"end":{"line":662,"column":null}}]},"52":{"loc":{"start":{"line":665,"column":12},"end":{"line":674,"column":null}},"type":"if","locations":[{"start":{"line":665,"column":12},"end":{"line":674,"column":null}}]},"53":{"loc":{"start":{"line":667,"column":16},"end":{"line":673,"column":null}},"type":"if","locations":[{"start":{"line":667,"column":16},"end":{"line":673,"column":null}}]},"54":{"loc":{"start":{"line":675,"column":12},"end":{"line":680,"column":null}},"type":"if","locations":[{"start":{"line":675,"column":12},"end":{"line":680,"column":null}}]}},"s":{"0":1,"1":1,"2":1,"3":1,"4":1,"5":1,"6":1,"7":1,"8":1,"9":1,"10":1,"11":1,"12":0,"13":0,"14":0,"15":0,"16":0,"17":0,"18":0,"19":0,"20":0,"21":0,"22":0,"23":0,"24":0,"25":0,"26":0,"27":0,"28":0,"29":0,"30":0,"31":0,"32":0,"33":0,"34":0,"35":0,"36":0,"37":0,"38":0,"39":0,"40":0,"41":0,"42":0,"43":0,"44":0,"45":0,"46":0,"47":0,"48":0,"49":0,"50":0,"51":0,"52":0,"53":0,"54":0,"55":0,"56":0,"57":0,"58":0,"59":0,"60":0,"61":0,"62":0,"63":0,"64":0,"65":0,"66":0,"67":0,"68":0,"69":0,"70":0,"71":0,"72":0,"73":0,"74":0,"75":0,"76":0,"77":0,"78":0,"79":0,"80":0,"81":0,"82":0,"83":0,"84":0,"85":0,"86":0,"87":0,"88":0,"89":0,"90":0,"91":0,"92":0,"93":0,"94":0,"95":0,"96":0,"97":0,"98":0,"99":0,"100":0,"101":0,"102":0,"103":0,"104":0,"105":0,"106":0,"107":0,"108":0,"109":0,"110":0,"111":0,"112":0,"113":0,"114":0,"115":0,"116":0,"117":0,"118":0,"119":0,"120":0,"121":0,"122":0,"123":0,"124":0,"125":0,"126":0,"127":0,"128":0,"129":0,"130":0,"131":0,"132":0,"133":0,"134":0,"135":0,"136":0,"137":0,"138":0,"139":0,"140":0,"141":0,"142":0,"143":0,"144":0,"145":0,"146":0,"147":0,"148":0,"149":0,"150":0,"151":0,"152":0,"153":0,"154":0,"155":0,"156":0,"157":0,"158":0,"159":0,"160":0,"161":0,"162":0,"163":0,"164":0,"165":0,"166":0,"167":1},"f":{"0":0,"1":0,"2":0,"3":0,"4":0,"5":0,"6":0,"7":0,"8":0,"9":0,"10":0,"11":0,"12":0,"13":0,"14":0,"15":0,"16":0,"17":0,"18":0,"19":0,"20":0,"21":0,"22":0,"23":0,"24":0,"25":0,"26":0,"27":0,"28":0,"29":0,"30":0,"31":0,"32":0,"33":0,"34":0,"35":0,"36":0},"b":{"0":[0],"1":[0,0],"2":[0],"3":[0],"4":[0],"5":[0],"6":[0],"7":[0],"8":[0],"9":[0,0],"10":[0,0,0],"11":[0,0],"12":[0],"13":[0,0,0,0],"14":[0,0],"15":[0,0],"16":[0],"17":[0],"18":[0],"19":[0],"20":[0],"21":[0],"22":[0],"23":[0,0],"24":[0,0],"25":[0,0],"26":[0],"27":[0],"28":[0,0],"29":[0,0],"30":[0],"31":[0],"32":[0,0],"33":[0],"34":[0],"35":[0],"36":[0],"37":[0],"38":[0,0],"39":[0,0],"40":[0,0],"41":[0,0],"42":[0],"43":[0,0,0],"44":[0],"45":[0,0],"46":[0,0],"47":[0,0],"48":[0,0],"49":[0],"50":[0,0],"51":[0],"52":[0],"53":[0],"54":[0]}}
,"/Users/aserafin/Projects/near-api-js/packages/near-api-js/src/account_creator.ts": {"path":"/Users/aserafin/Projects/near-api-js/packages/near-api-js/src/account_creator.ts","statementMap":{"0":{"start":{"line":4,"column":0},"end":{"line":4,"column":40}},"1":{"start":{"line":10,"column":0},"end":{"line":10,"column":22}},"2":{"start":{"line":19,"column":8},"end":{"line":19,"column":16}},"3":{"start":{"line":20,"column":8},"end":{"line":20,"column":43}},"4":{"start":{"line":21,"column":8},"end":{"line":21,"column":45}},"5":{"start":{"line":31,"column":8},"end":{"line":31,"column":93}},"6":{"start":{"line":14,"column":0},"end":{"line":14,"column":13}},"7":{"start":{"line":40,"column":8},"end":{"line":40,"column":16}},"8":{"start":{"line":41,"column":8},"end":{"line":41,"column":37}},"9":{"start":{"line":42,"column":8},"end":{"line":42,"column":35}},"10":{"start":{"line":53,"column":8},"end":{"line":53,"column":130}},"11":{"start":{"line":35,"column":0},"end":{"line":35,"column":13}}},"fnMap":{"0":{"name":"(anonymous_7)","decl":{"start":{"line":18,"column":4},"end":{"line":18,"column":16}},"loc":{"start":{"line":18,"column":58},"end":{"line":22,"column":5}}},"1":{"name":"(anonymous_8)","decl":{"start":{"line":30,"column":10},"end":{"line":30,"column":23}},"loc":{"start":{"line":30,"column":66},"end":{"line":32,"column":null}}},"2":{"name":"(anonymous_10)","decl":{"start":{"line":39,"column":4},"end":{"line":39,"column":16}},"loc":{"start":{"line":39,"column":57},"end":{"line":43,"column":5}}},"3":{"name":"(anonymous_11)","decl":{"start":{"line":52,"column":10},"end":{"line":52,"column":23}},"loc":{"start":{"line":52,"column":66},"end":{"line":54,"column":null}}}},"branchMap":{},"s":{"0":1,"1":1,"2":0,"3":0,"4":0,"5":0,"6":1,"7":0,"8":0,"9":0,"10":0,"11":1},"f":{"0":0,"1":0,"2":0,"3":0},"b":{}}
,"/Users/aserafin/Projects/near-api-js/packages/near-api-js/src/account_multisig.ts": {"path":"/Users/aserafin/Projects/near-api-js/packages/near-api-js/src/account_multisig.ts","statementMap":{"0":{"start":{"line":3,"column":0},"end":{"line":3,"column":23}},"1":{"start":{"line":4,"column":0},"end":{"line":4,"column":67}},"2":{"start":{"line":6,"column":0},"end":{"line":6,"column":49}},"3":{"start":{"line":7,"column":0},"end":{"line":7,"column":45}},"4":{"start":{"line":8,"column":0},"end":{"line":8,"column":126}},"5":{"start":{"line":9,"column":0},"end":{"line":9,"column":64}},"6":{"start":{"line":10,"column":0},"end":{"line":10,"column":40}},"7":{"start":{"line":13,"column":13},"end":{"line":13,"column":56}},"8":{"start":{"line":14,"column":13},"end":{"line":14,"column":63}},"9":{"start":{"line":16,"column":13},"end":{"line":16,"column":54}},"10":{"start":{"line":17,"column":13},"end":{"line":17,"column":44}},"11":{"start":{"line":18,"column":13},"end":{"line":18,"column":111}},"12":{"start":{"line":19,"column":13},"end":{"line":19,"column":52}},"13":{"start":{"line":25,"column":0},"end":{"line":25,"column":null}},"14":{"start":{"line":26,"column":4},"end":{"line":26,"column":null}},"15":{"start":{"line":27,"column":4},"end":{"line":27,"column":null}},"16":{"start":{"line":28,"column":4},"end":{"line":28,"column":null}},"17":{"start":{"line":29,"column":4},"end":{"line":29,"column":null}},"18":{"start":{"line":30,"column":4},"end":{"line":30,"column":null}},"19":{"start":{"line":33,"column":0},"end":{"line":33,"column":null}},"20":{"start":{"line":34,"column":4},"end":{"line":34,"column":null}},"21":{"start":{"line":35,"column":4},"end":{"line":35,"column":null}},"22":{"start":{"line":36,"column":4},"end":{"line":36,"column":null}},"23":{"start":{"line":37,"column":4},"end":{"line":37,"column":null}},"24":{"start":{"line":40,"column":0},"end":{"line":40,"column":null}},"25":{"start":{"line":41,"column":4},"end":{"line":41,"column":null}},"26":{"start":{"line":42,"column":4},"end":{"line":42,"column":null}},"27":{"start":{"line":43,"column":4},"end":{"line":43,"column":null}},"28":{"start":{"line":47,"column":24},"end":{"line":49,"column":2}},"29":{"start":{"line":56,"column":8},"end":{"line":56,"column":37}},"30":{"start":{"line":57,"column":8},"end":{"line":57,"column":39}},"31":{"start":{"line":58,"column":8},"end":{"line":58,"column":61}},"32":{"start":{"line":62,"column":8},"end":{"line":62,"column":69}},"33":{"start":{"line":66,"column":30},"end":{"line":66,"column":34}},"34":{"start":{"line":68,"column":21},"end":{"line":73,"column":11}},"35":{"start":{"line":76,"column":8},"end":{"line":89,"column":null}},"36":{"start":{"line":77,"column":12},"end":{"line":82,"column":15}},"37":{"start":{"line":84,"column":12},"end":{"line":87,"column":null}},"38":{"start":{"line":85,"column":16},"end":{"line":85,"column":55}},"39":{"start":{"line":86,"column":16},"end":{"line":86,"column":82}},"40":{"start":{"line":88,"column":12},"end":{"line":88,"column":20}},"41":{"start":{"line":92,"column":8},"end":{"line":94,"column":null}},"42":{"start":{"line":93,"column":12},"end":{"line":93,"column":46}},"43":{"start":{"line":95,"column":20},"end":{"line":95,"column":48}},"44":{"start":{"line":96,"column":8},"end":{"line":98,"column":null}},"45":{"start":{"line":97,"column":12},"end":{"line":97,"column":46}},"46":{"start":{"line":100,"column":8},"end":{"line":104,"column":11}},"47":{"start":{"line":106,"column":8},"end":{"line":108,"column":null}},"48":{"start":{"line":107,"column":12},"end":{"line":107,"column":50}},"49":{"start":{"line":111,"column":8},"end":{"line":111,"column":41}},"50":{"start":{"line":113,"column":8},"end":{"line":113,"column":22}},"51":{"start":{"line":122,"column":24},"end":{"line":122,"column":37}},"52":{"start":{"line":123,"column":42},"end":{"line":123,"column":121}},"53":{"start":{"line":125,"column":8},"end":{"line":150,"column":null}},"54":{"start":{"line":126,"column":12},"end":{"line":135,"column":null}},"55":{"start":{"line":127,"column":16},"end":{"line":132,"column":19}},"56":{"start":{"line":134,"column":16},"end":{"line":134,"column":50}},"57":{"start":{"line":137,"column":12},"end":{"line":137,"column":111}},"58":{"start":{"line":139,"column":12},"end":{"line":148,"column":null}},"59":{"start":{"line":140,"column":16},"end":{"line":140,"column":113}},"60":{"start":{"line":141,"column":19},"end":{"line":148,"column":null}},"61":{"start":{"line":142,"column":16},"end":{"line":142,"column":121}},"62":{"start":{"line":143,"column":19},"end":{"line":148,"column":null}},"63":{"start":{"line":144,"column":16},"end":{"line":144,"column":111}},"64":{"start":{"line":145,"column":19},"end":{"line":148,"column":null}},"65":{"start":{"line":147,"column":16},"end":{"line":147,"column":119}},"66":{"start":{"line":149,"column":12},"end":{"line":149,"column":20}},"67":{"start":{"line":154,"column":8},"end":{"line":157,"column":11}},"68":{"start":{"line":161,"column":28},"end":{"line":161,"column":54}},"69":{"start":{"line":162,"column":8},"end":{"line":164,"column":null}},"70":{"start":{"line":163,"column":12},"end":{"line":163,"column":79}},"71":{"start":{"line":163,"column":54},"end":{"line":163,"column":76}},"72":{"start":{"line":170,"column":28},"end":{"line":170,"column":54}},"73":{"start":{"line":171,"column":30},"end":{"line":171,"column":47}},"74":{"start":{"line":172,"column":8},"end":{"line":184,"column":null}},"75":{"start":{"line":173,"column":12},"end":{"line":175,"column":null}},"76":{"start":{"line":174,"column":16},"end":{"line":174,"column":25}},"77":{"start":{"line":176,"column":12},"end":{"line":183,"column":null}},"78":{"start":{"line":177,"column":16},"end":{"line":180,"column":19}},"79":{"start":{"line":182,"column":16},"end":{"line":182,"column":111}},"80":{"start":{"line":192,"column":8},"end":{"line":195,"column":11}},"81":{"start":{"line":199,"column":8},"end":{"line":201,"column":null}},"82":{"start":{"line":200,"column":12},"end":{"line":200,"column":82}},"83":{"start":{"line":202,"column":8},"end":{"line":202,"column":53}},"84":{"start":{"line":206,"column":8},"end":{"line":208,"column":null}},"85":{"start":{"line":207,"column":12},"end":{"line":207,"column":84}},"86":{"start":{"line":209,"column":8},"end":{"line":209,"column":53}},"87":{"start":{"line":51,"column":0},"end":{"line":51,"column":13}},"88":{"start":{"line":227,"column":8},"end":{"line":227,"column":46}},"89":{"start":{"line":224,"column":11},"end":{"line":224,"column":57}},"90":{"start":{"line":228,"column":8},"end":{"line":228,"column":61}},"91":{"start":{"line":229,"column":8},"end":{"line":229,"column":39}},"92":{"start":{"line":230,"column":8},"end":{"line":230,"column":65}},"93":{"start":{"line":231,"column":8},"end":{"line":231,"column":62}},"94":{"start":{"line":232,"column":8},"end":{"line":232,"column":71}},"95":{"start":{"line":233,"column":8},"end":{"line":233,"column":55}},"96":{"start":{"line":241,"column":8},"end":{"line":241,"column":68}},"97":{"start":{"line":243,"column":8},"end":{"line":243,"column":30}},"98":{"start":{"line":244,"column":23},"end":{"line":244,"column":51}},"99":{"start":{"line":245,"column":8},"end":{"line":247,"column":null}},"100":{"start":{"line":246,"column":12},"end":{"line":246,"column":47}},"101":{"start":{"line":248,"column":8},"end":{"line":248,"column":22}},"102":{"start":{"line":254,"column":30},"end":{"line":254,"column":34}},"103":{"start":{"line":256,"column":32},"end":{"line":258,"column":38}},"104":{"start":{"line":257,"column":45},"end":{"line":257,"column":107}},"105":{"start":{"line":258,"column":25},"end":{"line":258,"column":37}},"106":{"start":{"line":260,"column":24},"end":{"line":263,"column":22}},"107":{"start":{"line":261,"column":68},"end":{"line":261,"column":136}},"108":{"start":{"line":262,"column":25},"end":{"line":262,"column":38}},"109":{"start":{"line":265,"column":31},"end":{"line":265,"column":110}},"110":{"start":{"line":267,"column":24},"end":{"line":267,"column":79}},"111":{"start":{"line":269,"column":24},"end":{"line":274,"column":10}},"112":{"start":{"line":270,"column":35},"end":{"line":270,"column":48}},"113":{"start":{"line":271,"column":35},"end":{"line":271,"column":110}},"114":{"start":{"line":275,"column":43},"end":{"line":275,"column":119}},"115":{"start":{"line":276,"column":8},"end":{"line":276,"column":66}},"116":{"start":{"line":278,"column":53},"end":{"line":278,"column":110}},"117":{"start":{"line":279,"column":8},"end":{"line":288,"column":null}},"118":{"start":{"line":281,"column":16},"end":{"line":281,"column":108}},"119":{"start":{"line":283,"column":16},"end":{"line":283,"column":89}},"120":{"start":{"line":285,"column":16},"end":{"line":285,"column":196}},"121":{"start":{"line":287,"column":16},"end":{"line":287,"column":201}},"122":{"start":{"line":292,"column":29},"end":{"line":292,"column":31}},"123":{"start":{"line":293,"column":8},"end":{"line":296,"column":null}},"124":{"start":{"line":294,"column":12},"end":{"line":294,"column":57}},"125":{"start":{"line":294,"column":54},"end":{"line":294,"column":55}},"126":{"start":{"line":295,"column":12},"end":{"line":295,"column":90}},"127":{"start":{"line":297,"column":37},"end":{"line":297,"column":83}},"128":{"start":{"line":299,"column":24},"end":{"line":303,"column":10}},"129":{"start":{"line":305,"column":30},"end":{"line":305,"column":79}},"130":{"start":{"line":307,"column":8},"end":{"line":309,"column":null}},"131":{"start":{"line":308,"column":12},"end":{"line":308,"column":114}},"132":{"start":{"line":311,"column":8},"end":{"line":311,"column":79}},"133":{"start":{"line":315,"column":70},"end":{"line":323,"column":10}},"134":{"start":{"line":316,"column":26},"end":{"line":316,"column":57}},"135":{"start":{"line":317,"column":12},"end":{"line":319,"column":null}},"136":{"start":{"line":318,"column":16},"end":{"line":318,"column":26}},"137":{"start":{"line":320,"column":12},"end":{"line":322,"column":24}},"138":{"start":{"line":325,"column":40},"end":{"line":325,"column":100}},"139":{"start":{"line":325,"column":77},"end":{"line":325,"column":99}},"140":{"start":{"line":326,"column":8},"end":{"line":329,"column":15}},"141":{"start":{"line":333,"column":30},"end":{"line":333,"column":34}},"142":{"start":{"line":334,"column":27},"end":{"line":334,"column":53}},"143":{"start":{"line":335,"column":24},"end":{"line":342,"column":14}},"144":{"start":{"line":336,"column":40},"end":{"line":336,"column":78}},"145":{"start":{"line":338,"column":30},"end":{"line":338,"column":95}},"146":{"start":{"line":339,"column":16},"end":{"line":341,"column":74}},"147":{"start":{"line":343,"column":31},"end":{"line":343,"column":120}},"148":{"start":{"line":344,"column":8},"end":{"line":348,"column":10}},"149":{"start":{"line":346,"column":47},"end":{"line":346,"column":84}},"150":{"start":{"line":347,"column":47},"end":{"line":347,"column":98}},"151":{"start":{"line":357,"column":32},"end":{"line":357,"column":76}},"152":{"start":{"line":358,"column":8},"end":{"line":360,"column":null}},"153":{"start":{"line":359,"column":12},"end":{"line":359,"column":197}},"154":{"start":{"line":363,"column":8},"end":{"line":363,"column":78}},"155":{"start":{"line":363,"column":50},"end":{"line":363,"column":76}},"156":{"start":{"line":365,"column":31},"end":{"line":370,"column":10}},"157":{"start":{"line":366,"column":12},"end":{"line":368,"column":null}},"158":{"start":{"line":367,"column":16},"end":{"line":367,"column":50}},"159":{"start":{"line":369,"column":12},"end":{"line":369,"column":20}},"160":{"start":{"line":372,"column":24},"end":{"line":376,"column":10}},"161":{"start":{"line":377,"column":8},"end":{"line":377,"column":57}},"162":{"start":{"line":378,"column":8},"end":{"line":381,"column":11}},"163":{"start":{"line":385,"column":30},"end":{"line":385,"column":34}},"164":{"start":{"line":386,"column":30},"end":{"line":386,"column":47}},"165":{"start":{"line":387,"column":23},"end":{"line":387,"column":48}},"166":{"start":{"line":388,"column":8},"end":{"line":392,"column":11}},"167":{"start":{"line":393,"column":8},"end":{"line":393,"column":25}},"168":{"start":{"line":397,"column":8},"end":{"line":397,"column":197}},"169":{"start":{"line":401,"column":23},"end":{"line":401,"column":48}},"170":{"start":{"line":402,"column":29},"end":{"line":402,"column":55}},"171":{"start":{"line":403,"column":8},"end":{"line":415,"column":null}},"172":{"start":{"line":404,"column":27},"end":{"line":404,"column":62}},"173":{"start":{"line":407,"column":12},"end":{"line":407,"column":26}},"174":{"start":{"line":409,"column":12},"end":{"line":409,"column":63}},"175":{"start":{"line":410,"column":12},"end":{"line":412,"column":null}},"176":{"start":{"line":411,"column":16},"end":{"line":411,"column":52}},"177":{"start":{"line":414,"column":12},"end":{"line":414,"column":20}},"178":{"start":{"line":419,"column":30},"end":{"line":419,"column":34}},"179":{"start":{"line":420,"column":24},"end":{"line":420,"column":41}},"180":{"start":{"line":421,"column":8},"end":{"line":423,"column":null}},"181":{"start":{"line":422,"column":12},"end":{"line":422,"column":50}},"182":{"start":{"line":424,"column":30},"end":{"line":424,"column":37}},"183":{"start":{"line":425,"column":8},"end":{"line":429,"column":11}},"184":{"start":{"line":433,"column":30},"end":{"line":433,"column":34}},"185":{"start":{"line":434,"column":8},"end":{"line":437,"column":10}},"186":{"start":{"line":441,"column":23},"end":{"line":441,"column":54}},"187":{"start":{"line":442,"column":8},"end":{"line":444,"column":null}},"188":{"start":{"line":443,"column":12},"end":{"line":443,"column":66}},"189":{"start":{"line":443,"column":36},"end":{"line":443,"column":64}},"190":{"start":{"line":445,"column":8},"end":{"line":445,"column":31}},"191":{"start":{"line":445,"column":19},"end":{"line":445,"column":31}},"192":{"start":{"line":446,"column":33},"end":{"line":446,"column":37}},"193":{"start":{"line":447,"column":8},"end":{"line":447,"column":32}},"194":{"start":{"line":451,"column":30},"end":{"line":451,"column":34}},"195":{"start":{"line":452,"column":22},"end":{"line":452,"column":81}},"196":{"start":{"line":453,"column":28},"end":{"line":453,"column":58}},"197":{"start":{"line":454,"column":23},"end":{"line":454,"column":127}},"198":{"start":{"line":455,"column":37},"end":{"line":455,"column":85}},"199":{"start":{"line":456,"column":8},"end":{"line":456,"column":53}},"200":{"start":{"line":460,"column":8},"end":{"line":463,"column":12}},"201":{"start":{"line":213,"column":0},"end":{"line":213,"column":13}},"202":{"start":{"line":468,"column":13},"end":{"line":468,"column":39}},"203":{"start":{"line":468,"column":21},"end":{"line":468,"column":39}},"204":{"start":{"line":469,"column":29},"end":{"line":469,"column":74}},"205":{"start":{"line":469,"column":37},"end":{"line":469,"column":74}},"206":{"start":{"line":471,"column":23},"end":{"line":503,"column":2}},"207":{"start":{"line":471,"column":59},"end":{"line":503,"column":2}},"208":{"start":{"line":472,"column":17},"end":{"line":472,"column":23}},"209":{"start":{"line":473,"column":75},"end":{"line":473,"column":82}},"210":{"start":{"line":474,"column":19},"end":{"line":484,"column":6}},"211":{"start":{"line":485,"column":4},"end":{"line":501,"column":null}},"212":{"start":{"line":486,"column":8},"end":{"line":492,"column":null}},"213":{"start":{"line":487,"column":12},"end":{"line":491,"column":14}},"214":{"start":{"line":493,"column":8},"end":{"line":500,"column":null}},"215":{"start":{"line":494,"column":86},"end":{"line":494,"column":119}},"216":{"start":{"line":495,"column":12},"end":{"line":499,"column":14}},"217":{"start":{"line":502,"column":4},"end":{"line":502,"column":18}}},"fnMap":{"0":{"name":"(anonymous_8)","decl":{"start":{"line":25,"column":0},"end":{"line":25,"column":12}},"loc":{"start":{"line":25,"column":47},"end":{"line":31,"column":1}}},"1":{"name":"(anonymous_9)","decl":{"start":{"line":33,"column":0},"end":{"line":33,"column":12}},"loc":{"start":{"line":33,"column":31},"end":{"line":38,"column":1}}},"2":{"name":"(anonymous_10)","decl":{"start":{"line":40,"column":0},"end":{"line":40,"column":5}},"loc":{"start":{"line":40,"column":23},"end":{"line":44,"column":1}}},"3":{"name":"(anonymous_11)","decl":{"start":{"line":55,"column":4},"end":{"line":55,"column":16}},"loc":{"start":{"line":55,"column":71},"end":{"line":59,"column":5}}},"4":{"name":"(anonymous_12)","decl":{"start":{"line":61,"column":10},"end":{"line":61,"column":43}},"loc":{"start":{"line":61,"column":81},"end":{"line":63,"column":null}}},"5":{"name":"(anonymous_15)","decl":{"start":{"line":65,"column":10},"end":{"line":65,"column":32}},"loc":{"start":{"line":65,"column":87},"end":{"line":114,"column":null}}},"6":{"name":"(anonymous_18)","decl":{"start":{"line":121,"column":10},"end":{"line":121,"column":41}},"loc":{"start":{"line":121,"column":68},"end":{"line":151,"column":null}}},"7":{"name":"(anonymous_21)","decl":{"start":{"line":153,"column":4},"end":{"line":153,"column":17}},"loc":{"start":{"line":153,"column":28},"end":{"line":158,"column":5}}},"8":{"name":"(anonymous_22)","decl":{"start":{"line":160,"column":10},"end":{"line":160,"column":27}},"loc":{"start":{"line":160,"column":27},"end":{"line":165,"column":null}}},"9":{"name":"(anonymous_24)","decl":{"start":{"line":163,"column":46},"end":{"line":163,"column":47}},"loc":{"start":{"line":163,"column":54},"end":{"line":163,"column":76}}},"10":{"name":"(anonymous_25)","decl":{"start":{"line":167,"column":10},"end":{"line":167,"column":35}},"loc":{"start":{"line":167,"column":35},"end":{"line":185,"column":null}}},"11":{"name":"(anonymous_28)","decl":{"start":{"line":189,"column":10},"end":{"line":189,"column":23}},"loc":{"start":{"line":189,"column":23},"end":{"line":196,"column":null}}},"12":{"name":"(anonymous_30)","decl":{"start":{"line":198,"column":4},"end":{"line":198,"column":14}},"loc":{"start":{"line":198,"column":14},"end":{"line":203,"column":5}}},"13":{"name":"(anonymous_31)","decl":{"start":{"line":205,"column":4},"end":{"line":205,"column":14}},"loc":{"start":{"line":205,"column":19},"end":{"line":210,"column":5}}},"14":{"name":"(anonymous_32)","decl":{"start":{"line":226,"column":4},"end":{"line":226,"column":16}},"loc":{"start":{"line":226,"column":71},"end":{"line":234,"column":5}}},"15":{"name":"(anonymous_33)","decl":{"start":{"line":240,"column":10},"end":{"line":240,"column":32}},"loc":{"start":{"line":240,"column":87},"end":{"line":249,"column":null}}},"16":{"name":"(anonymous_36)","decl":{"start":{"line":253,"column":10},"end":{"line":253,"column":24}},"loc":{"start":{"line":253,"column":50},"end":{"line":289,"column":null}}},"17":{"name":"(anonymous_39)","decl":{"start":{"line":257,"column":20},"end":{"line":257,"column":21}},"loc":{"start":{"line":257,"column":45},"end":{"line":257,"column":107}}},"18":{"name":"(anonymous_40)","decl":{"start":{"line":258,"column":17},"end":{"line":258,"column":18}},"loc":{"start":{"line":258,"column":25},"end":{"line":258,"column":37}}},"19":{"name":"(anonymous_41)","decl":{"start":{"line":261,"column":20},"end":{"line":261,"column":21}},"loc":{"start":{"line":261,"column":68},"end":{"line":261,"column":136}}},"20":{"name":"(anonymous_42)","decl":{"start":{"line":262,"column":17},"end":{"line":262,"column":18}},"loc":{"start":{"line":262,"column":25},"end":{"line":262,"column":38}}},"21":{"name":"(anonymous_43)","decl":{"start":{"line":270,"column":27},"end":{"line":270,"column":28}},"loc":{"start":{"line":270,"column":35},"end":{"line":270,"column":48}}},"22":{"name":"(anonymous_44)","decl":{"start":{"line":271,"column":27},"end":{"line":271,"column":28}},"loc":{"start":{"line":271,"column":35},"end":{"line":271,"column":110}}},"23":{"name":"(anonymous_45)","decl":{"start":{"line":291,"column":10},"end":{"line":291,"column":24}},"loc":{"start":{"line":291,"column":130},"end":{"line":312,"column":null}}},"24":{"name":"(anonymous_47)","decl":{"start":{"line":294,"column":49},"end":{"line":294,"column":50}},"loc":{"start":{"line":294,"column":54},"end":{"line":294,"column":55}}},"25":{"name":"(anonymous_48)","decl":{"start":{"line":314,"column":10},"end":{"line":314,"column":37}},"loc":{"start":{"line":314,"column":70},"end":{"line":330,"column":null}}},"26":{"name":"(anonymous_50)","decl":{"start":{"line":315,"column":101},"end":{"line":315,"column":106}},"loc":{"start":{"line":315,"column":109},"end":{"line":323,"column":9}}},"27":{"name":"(anonymous_51)","decl":{"start":{"line":325,"column":64},"end":{"line":325,"column":65}},"loc":{"start":{"line":325,"column":77},"end":{"line":325,"column":99}}},"28":{"name":"(anonymous_52)","decl":{"start":{"line":332,"column":10},"end":{"line":332,"column":43}},"loc":{"start":{"line":332,"column":43},"end":{"line":349,"column":null}}},"29":{"name":"(anonymous_54)","decl":{"start":{"line":336,"column":20},"end":{"line":336,"column":21}},"loc":{"start":{"line":336,"column":40},"end":{"line":336,"column":78}}},"30":{"name":"(anonymous_55)","decl":{"start":{"line":337,"column":20},"end":{"line":337,"column":21}},"loc":{"start":{"line":337,"column":39},"end":{"line":342,"column":13}}},"31":{"name":"(anonymous_56)","decl":{"start":{"line":346,"column":27},"end":{"line":346,"column":28}},"loc":{"start":{"line":346,"column":47},"end":{"line":346,"column":84}}},"32":{"name":"(anonymous_57)","decl":{"start":{"line":347,"column":27},"end":{"line":347,"column":28}},"loc":{"start":{"line":347,"column":47},"end":{"line":347,"column":98}}},"33":{"name":"(anonymous_58)","decl":{"start":{"line":356,"column":10},"end":{"line":356,"column":17}},"loc":{"start":{"line":356,"column":77},"end":{"line":382,"column":null}}},"34":{"name":"(anonymous_60)","decl":{"start":{"line":363,"column":45},"end":{"line":363,"column":46}},"loc":{"start":{"line":363,"column":50},"end":{"line":363,"column":76}}},"35":{"name":"(anonymous_61)","decl":{"start":{"line":365,"column":98},"end":{"line":365,"column":99}},"loc":{"start":{"line":365,"column":102},"end":{"line":370,"column":9}}},"36":{"name":"(anonymous_62)","decl":{"start":{"line":384,"column":10},"end":{"line":384,"column":25}},"loc":{"start":{"line":384,"column":25},"end":{"line":394,"column":null}}},"37":{"name":"(anonymous_64)","decl":{"start":{"line":396,"column":10},"end":{"line":396,"column":24}},"loc":{"start":{"line":396,"column":24},"end":{"line":398,"column":null}}},"38":{"name":"(anonymous_66)","decl":{"start":{"line":400,"column":10},"end":{"line":400,"column":25}},"loc":{"start":{"line":400,"column":25},"end":{"line":416,"column":null}}},"39":{"name":"(anonymous_68)","decl":{"start":{"line":418,"column":10},"end":{"line":418,"column":27}},"loc":{"start":{"line":418,"column":48},"end":{"line":430,"column":null}}},"40":{"name":"(anonymous_70)","decl":{"start":{"line":432,"column":10},"end":{"line":432,"column":28}},"loc":{"start":{"line":432,"column":28},"end":{"line":438,"column":null}}},"41":{"name":"(anonymous_72)","decl":{"start":{"line":440,"column":10},"end":{"line":440,"column":22}},"loc":{"start":{"line":440,"column":22},"end":{"line":448,"column":null}}},"42":{"name":"(anonymous_74)","decl":{"start":{"line":443,"column":29},"end":{"line":443,"column":30}},"loc":{"start":{"line":443,"column":36},"end":{"line":443,"column":64}}},"43":{"name":"(anonymous_75)","decl":{"start":{"line":450,"column":10},"end":{"line":450,"column":22}},"loc":{"start":{"line":450,"column":22},"end":{"line":457,"column":null}}},"44":{"name":"(anonymous_77)","decl":{"start":{"line":459,"column":10},"end":{"line":459,"column":24}},"loc":{"start":{"line":459,"column":35},"end":{"line":464,"column":null}}},"45":{"name":"(anonymous_79)","decl":{"start":{"line":468,"column":13},"end":{"line":468,"column":14}},"loc":{"start":{"line":468,"column":21},"end":{"line":468,"column":39}}},"46":{"name":"(anonymous_80)","decl":{"start":{"line":469,"column":29},"end":{"line":469,"column":30}},"loc":{"start":{"line":469,"column":37},"end":{"line":469,"column":74}}},"47":{"name":"(anonymous_81)","decl":{"start":{"line":471,"column":23},"end":{"line":471,"column":24}},"loc":{"start":{"line":471,"column":59},"end":{"line":503,"column":2}}},"48":{"name":"(anonymous_82)","decl":{"start":{"line":471,"column":71},"end":{"line":471,"column":72}},"loc":{"start":{"line":471,"column":77},"end":{"line":503,"column":1}}}},"branchMap":{"0":{"loc":{"start":{"line":25,"column":12},"end":{"line":25,"column":null}},"type":"binary-expr","locations":[{"start":{"line":25,"column":12},"end":{"line":25,"column":47}},{"start":{"line":25,"column":12},"end":{"line":25,"column":null}}]},"1":{"loc":{"start":{"line":33,"column":12},"end":{"line":33,"column":null}},"type":"binary-expr","locations":[{"start":{"line":33,"column":12},"end":{"line":33,"column":31}},{"start":{"line":33,"column":12},"end":{"line":33,"column":null}}]},"2":{"loc":{"start":{"line":40,"column":5},"end":{"line":40,"column":null}},"type":"binary-expr","locations":[{"start":{"line":40,"column":5},"end":{"line":40,"column":23}},{"start":{"line":40,"column":5},"end":{"line":40,"column":null}}]},"3":{"loc":{"start":{"line":84,"column":12},"end":{"line":87,"column":null}},"type":"if","locations":[{"start":{"line":84,"column":12},"end":{"line":87,"column":null}}]},"4":{"loc":{"start":{"line":92,"column":8},"end":{"line":94,"column":null}},"type":"if","locations":[{"start":{"line":92,"column":8},"end":{"line":94,"column":null}}]},"5":{"loc":{"start":{"line":96,"column":8},"end":{"line":98,"column":null}},"type":"if","locations":[{"start":{"line":96,"column":8},"end":{"line":98,"column":null}}]},"6":{"loc":{"start":{"line":96,"column":12},"end":{"line":96,"column":75}},"type":"binary-expr","locations":[{"start":{"line":96,"column":12},"end":{"line":96,"column":32}},{"start":{"line":96,"column":36},"end":{"line":96,"column":75}}]},"7":{"loc":{"start":{"line":106,"column":8},"end":{"line":108,"column":null}},"type":"if","locations":[{"start":{"line":106,"column":8},"end":{"line":108,"column":null}}]},"8":{"loc":{"start":{"line":123,"column":42},"end":{"line":123,"column":121}},"type":"cond-expr","locations":[{"start":{"line":123,"column":58},"end":{"line":123,"column":89}},{"start":{"line":123,"column":92},"end":{"line":123,"column":121}}]},"9":{"loc":{"start":{"line":126,"column":12},"end":{"line":135,"column":null}},"type":"if","locations":[{"start":{"line":126,"column":12},"end":{"line":135,"column":null}},{"start":{"line":133,"column":19},"end":{"line":135,"column":null}}]},"10":{"loc":{"start":{"line":139,"column":12},"end":{"line":148,"column":null}},"type":"if","locations":[{"start":{"line":139,"column":12},"end":{"line":148,"column":null}},{"start":{"line":141,"column":19},"end":{"line":148,"column":null}}]},"11":{"loc":{"start":{"line":139,"column":94},"end":{"line":139,"column":130}},"type":"binary-expr","locations":[{"start":{"line":139,"column":94},"end":{"line":139,"column":95}},{"start":{"line":139,"column":99},"end":{"line":139,"column":105}},{"start":{"line":139,"column":109},"end":{"line":139,"column":130}}]},"12":{"loc":{"start":{"line":141,"column":19},"end":{"line":148,"column":null}},"type":"if","locations":[{"start":{"line":141,"column":19},"end":{"line":148,"column":null}},{"start":{"line":143,"column":19},"end":{"line":148,"column":null}}]},"13":{"loc":{"start":{"line":141,"column":101},"end":{"line":141,"column":137}},"type":"binary-expr","locations":[{"start":{"line":141,"column":101},"end":{"line":141,"column":102}},{"start":{"line":141,"column":106},"end":{"line":141,"column":112}},{"start":{"line":141,"column":116},"end":{"line":141,"column":137}}]},"14":{"loc":{"start":{"line":143,"column":19},"end":{"line":148,"column":null}},"type":"if","locations":[{"start":{"line":143,"column":19},"end":{"line":148,"column":null}},{"start":{"line":145,"column":19},"end":{"line":148,"column":null}}]},"15":{"loc":{"start":{"line":143,"column":92},"end":{"line":143,"column":128}},"type":"binary-expr","locations":[{"start":{"line":143,"column":92},"end":{"line":143,"column":93}},{"start":{"line":143,"column":97},"end":{"line":143,"column":103}},{"start":{"line":143,"column":107},"end":{"line":143,"column":128}}]},"16":{"loc":{"start":{"line":145,"column":19},"end":{"line":148,"column":null}},"type":"if","locations":[{"start":{"line":145,"column":19},"end":{"line":148,"column":null}}]},"17":{"loc":{"start":{"line":145,"column":93},"end":{"line":145,"column":107}},"type":"binary-expr","locations":[{"start":{"line":145,"column":93},"end":{"line":145,"column":94}},{"start":{"line":145,"column":98},"end":{"line":145,"column":107}}]},"18":{"loc":{"start":{"line":162,"column":8},"end":{"line":164,"column":null}},"type":"if","locations":[{"start":{"line":162,"column":8},"end":{"line":164,"column":null}}]},"19":{"loc":{"start":{"line":173,"column":12},"end":{"line":175,"column":null}},"type":"if","locations":[{"start":{"line":173,"column":12},"end":{"line":175,"column":null}}]},"20":{"loc":{"start":{"line":199,"column":8},"end":{"line":201,"column":null}},"type":"if","locations":[{"start":{"line":199,"column":8},"end":{"line":201,"column":null}}]},"21":{"loc":{"start":{"line":200,"column":30},"end":{"line":200,"column":80}},"type":"binary-expr","locations":[{"start":{"line":200,"column":30},"end":{"line":200,"column":72}},{"start":{"line":200,"column":76},"end":{"line":200,"column":80}}]},"22":{"loc":{"start":{"line":206,"column":8},"end":{"line":208,"column":null}},"type":"if","locations":[{"start":{"line":206,"column":8},"end":{"line":208,"column":null}}]},"23":{"loc":{"start":{"line":228,"column":25},"end":{"line":228,"column":60}},"type":"binary-expr","locations":[{"start":{"line":228,"column":25},"end":{"line":228,"column":42}},{"start":{"line":228,"column":46},"end":{"line":228,"column":60}}]},"24":{"loc":{"start":{"line":230,"column":24},"end":{"line":230,"column":64}},"type":"binary-expr","locations":[{"start":{"line":230,"column":24},"end":{"line":230,"column":40}},{"start":{"line":230,"column":44},"end":{"line":230,"column":64}}]},"25":{"loc":{"start":{"line":231,"column":23},"end":{"line":231,"column":61}},"type":"binary-expr","locations":[{"start":{"line":231,"column":23},"end":{"line":231,"column":38}},{"start":{"line":231,"column":42},"end":{"line":231,"column":61}}]},"26":{"loc":{"start":{"line":232,"column":26},"end":{"line":232,"column":70}},"type":"binary-expr","locations":[{"start":{"line":232,"column":26},"end":{"line":232,"column":44}},{"start":{"line":232,"column":48},"end":{"line":232,"column":70}}]},"27":{"loc":{"start":{"line":245,"column":8},"end":{"line":247,"column":null}},"type":"if","locations":[{"start":{"line":245,"column":8},"end":{"line":247,"column":null}}]},"28":{"loc":{"start":{"line":257,"column":45},"end":{"line":257,"column":107}},"type":"binary-expr","locations":[{"start":{"line":257,"column":46},"end":{"line":257,"column":63}},{"start":{"line":257,"column":67},"end":{"line":257,"column":84}},{"start":{"line":257,"column":89},"end":{"line":257,"column":107}}]},"29":{"loc":{"start":{"line":261,"column":68},"end":{"line":261,"column":136}},"type":"binary-expr","locations":[{"start":{"line":261,"column":68},"end":{"line":261,"column":95}},{"start":{"line":261,"column":99},"end":{"line":261,"column":136}}]},"30":{"loc":{"start":{"line":279,"column":8},"end":{"line":288,"column":null}},"type":"switch","locations":[{"start":{"line":280,"column":12},"end":{"line":281,"column":108}},{"start":{"line":282,"column":12},"end":{"line":283,"column":89}},{"start":{"line":284,"column":12},"end":{"line":285,"column":196}},{"start":{"line":286,"column":12},"end":{"line":287,"column":201}}]},"31":{"loc":{"start":{"line":293,"column":8},"end":{"line":296,"column":null}},"type":"if","locations":[{"start":{"line":293,"column":8},"end":{"line":296,"column":null}}]},"32":{"loc":{"start":{"line":307,"column":8},"end":{"line":309,"column":null}},"type":"if","locations":[{"start":{"line":307,"column":8},"end":{"line":309,"column":null}}]},"33":{"loc":{"start":{"line":307,"column":11},"end":{"line":307,"column":106}},"type":"binary-expr","locations":[{"start":{"line":307,"column":11},"end":{"line":307,"column":24}},{"start":{"line":307,"column":28},"end":{"line":307,"column":51}},{"start":{"line":307,"column":55},"end":{"line":307,"column":106}}]},"34":{"loc":{"start":{"line":316,"column":26},"end":{"line":316,"column":57}},"type":"binary-expr","locations":[{"start":{"line":316,"column":26},"end":{"line":316,"column":37}},{"start":{"line":316,"column":41},"end":{"line":316,"column":57}}]},"35":{"loc":{"start":{"line":317,"column":12},"end":{"line":319,"column":null}},"type":"if","locations":[{"start":{"line":317,"column":12},"end":{"line":319,"column":null}}]},"36":{"loc":{"start":{"line":320,"column":18},"end":{"line":322,"column":23}},"type":"cond-expr","locations":[{"start":{"line":321,"column":18},"end":{"line":321,"column":191}},{"start":{"line":322,"column":18},"end":{"line":322,"column":23}}]},"37":{"loc":{"start":{"line":326,"column":15},"end":{"line":329,"column":14}},"type":"cond-expr","locations":[{"start":{"line":326,"column":44},"end":{"line":329,"column":10}},{"start":{"line":329,"column":12},"end":{"line":329,"column":14}}]},"38":{"loc":{"start":{"line":339,"column":23},"end":{"line":341,"column":73}},"type":"binary-expr","locations":[{"start":{"line":339,"column":23},"end":{"line":339,"column":53}},{"start":{"line":340,"column":20},"end":{"line":340,"column":50}},{"start":{"line":341,"column":20},"end":{"line":341,"column":73}}]},"39":{"loc":{"start":{"line":358,"column":8},"end":{"line":360,"column":null}},"type":"if","locations":[{"start":{"line":358,"column":8},"end":{"line":360,"column":null}}]},"40":{"loc":{"start":{"line":358,"column":11},"end":{"line":358,"column":119}},"type":"binary-expr","locations":[{"start":{"line":358,"column":11},"end":{"line":358,"column":58}},{"start":{"line":358,"column":62},"end":{"line":358,"column":119}}]},"41":{"loc":{"start":{"line":366,"column":12},"end":{"line":368,"column":null}},"type":"if","locations":[{"start":{"line":366,"column":12},"end":{"line":368,"column":null}}]},"42":{"loc":{"start":{"line":367,"column":22},"end":{"line":367,"column":49}},"type":"binary-expr","locations":[{"start":{"line":367,"column":22},"end":{"line":367,"column":44}},{"start":{"line":367,"column":48},"end":{"line":367,"column":49}}]},"43":{"loc":{"start":{"line":410,"column":12},"end":{"line":412,"column":null}},"type":"if","locations":[{"start":{"line":410,"column":12},"end":{"line":412,"column":null}}]},"44":{"loc":{"start":{"line":410,"column":16},"end":{"line":410,"column":113}},"type":"binary-expr","locations":[{"start":{"line":410,"column":16},"end":{"line":410,"column":66}},{"start":{"line":410,"column":70},"end":{"line":410,"column":113}}]},"45":{"loc":{"start":{"line":421,"column":8},"end":{"line":423,"column":null}},"type":"if","locations":[{"start":{"line":421,"column":8},"end":{"line":423,"column":null}}]},"46":{"loc":{"start":{"line":442,"column":8},"end":{"line":444,"column":null}},"type":"if","locations":[{"start":{"line":442,"column":8},"end":{"line":444,"column":null}}]},"47":{"loc":{"start":{"line":442,"column":12},"end":{"line":442,"column":31}},"type":"binary-expr","locations":[{"start":{"line":442,"column":12},"end":{"line":442,"column":16}},{"start":{"line":442,"column":20},"end":{"line":442,"column":31}}]},"48":{"loc":{"start":{"line":445,"column":8},"end":{"line":445,"column":31}},"type":"if","locations":[{"start":{"line":445,"column":8},"end":{"line":445,"column":31}}]},"49":{"loc":{"start":{"line":476,"column":13},"end":{"line":476,"column":49}},"type":"binary-expr","locations":[{"start":{"line":476,"column":14},"end":{"line":476,"column":17}},{"start":{"line":476,"column":21},"end":{"line":476,"column":35}},{"start":{"line":476,"column":40},"end":{"line":476,"column":49}}]},"50":{"loc":{"start":{"line":477,"column":20},"end":{"line":477,"column":79}},"type":"binary-expr","locations":[{"start":{"line":477,"column":21},"end":{"line":477,"column":30}},{"start":{"line":477,"column":34},"end":{"line":477,"column":65}},{"start":{"line":477,"column":70},"end":{"line":477,"column":79}}]},"51":{"loc":{"start":{"line":479,"column":14},"end":{"line":479,"column":73}},"type":"binary-expr","locations":[{"start":{"line":479,"column":15},"end":{"line":479,"column":19}},{"start":{"line":479,"column":23},"end":{"line":479,"column":59}},{"start":{"line":479,"column":64},"end":{"line":479,"column":73}}]},"52":{"loc":{"start":{"line":480,"column":14},"end":{"line":480,"column":73}},"type":"binary-expr","locations":[{"start":{"line":480,"column":15},"end":{"line":480,"column":19}},{"start":{"line":480,"column":23},"end":{"line":480,"column":59}},{"start":{"line":480,"column":64},"end":{"line":480,"column":73}}]},"53":{"loc":{"start":{"line":481,"column":16},"end":{"line":481,"column":60}},"type":"binary-expr","locations":[{"start":{"line":481,"column":17},"end":{"line":481,"column":24}},{"start":{"line":481,"column":28},"end":{"line":481,"column":46}},{"start":{"line":481,"column":51},"end":{"line":481,"column":60}}]},"54":{"loc":{"start":{"line":482,"column":17},"end":{"line":482,"column":55}},"type":"binary-expr","locations":[{"start":{"line":482,"column":18},"end":{"line":482,"column":25}},{"start":{"line":482,"column":29},"end":{"line":482,"column":47}},{"start":{"line":482,"column":52},"end":{"line":482,"column":55}}]},"55":{"loc":{"start":{"line":485,"column":4},"end":{"line":501,"column":null}},"type":"if","locations":[{"start":{"line":485,"column":4},"end":{"line":501,"column":null}}]},"56":{"loc":{"start":{"line":486,"column":8},"end":{"line":492,"column":null}},"type":"if","locations":[{"start":{"line":486,"column":8},"end":{"line":492,"column":null}}]},"57":{"loc":{"start":{"line":486,"column":12},"end":{"line":486,"column":82}},"type":"binary-expr","locations":[{"start":{"line":486,"column":12},"end":{"line":486,"column":36}},{"start":{"line":486,"column":40},"end":{"line":486,"column":82}}]},"58":{"loc":{"start":{"line":493,"column":8},"end":{"line":500,"column":null}},"type":"if","locations":[{"start":{"line":493,"column":8},"end":{"line":500,"column":null}}]},"59":{"loc":{"start":{"line":497,"column":27},"end":{"line":497,"column":75}},"type":"binary-expr","locations":[{"start":{"line":497,"column":28},"end":{"line":497,"column":37}},{"start":{"line":497,"column":41},"end":{"line":497,"column":61}},{"start":{"line":497,"column":66},"end":{"line":497,"column":75}}]}},"s":{"0":1,"1":1,"2":1,"3":1,"4":1,"5":1,"6":1,"7":1,"8":1,"9":1,"10":1,"11":1,"12":1,"13":1,"14":1,"15":1,"16":1,"17":1,"18":1,"19":1,"20":1,"21":1,"22":1,"23":1,"24":1,"25":1,"26":1,"27":1,"28":1,"29":0,"30":0,"31":0,"32":0,"33":0,"34":0,"35":0,"36":0,"37":0,"38":0,"39":0,"40":0,"41":0,"42":0,"43":0,"44":0,"45":0,"46":0,"47":0,"48":0,"49":0,"50":0,"51":0,"52":0,"53":0,"54":0,"55":0,"56":0,"57":0,"58":0,"59":0,"60":0,"61":0,"62":0,"63":0,"64":0,"65":0,"66":0,"67":0,"68":0,"69":0,"70":0,"71":0,"72":0,"73":0,"74":0,"75":0,"76":0,"77":0,"78":0,"79":0,"80":0,"81":0,"82":0,"83":0,"84":0,"85":0,"86":0,"87":1,"88":0,"89":0,"90":0,"91":0,"92":0,"93":0,"94":0,"95":0,"96":0,"97":0,"98":0,"99":0,"100":0,"101":0,"102":0,"103":0,"104":0,"105":0,"106":0,"107":0,"108":0,"109":0,"110":0,"111":0,"112":0,"113":0,"114":0,"115":0,"116":0,"117":0,"118":0,"119":0,"120":0,"121":0,"122":0,"123":0,"124":0,"125":0,"126":0,"127":0,"128":0,"129":0,"130":0,"131":0,"132":0,"133":0,"134":0,"135":0,"136":0,"137":0,"138":0,"139":0,"140":0,"141":0,"142":0,"143":0,"144":0,"145":0,"146":0,"147":0,"148":0,"149":0,"150":0,"151":0,"152":0,"153":0,"154":0,"155":0,"156":0,"157":0,"158":0,"159":0,"160":0,"161":0,"162":0,"163":0,"164":0,"165":0,"166":0,"167":0,"168":0,"169":0,"170":0,"171":0,"172":0,"173":0,"174":0,"175":0,"176":0,"177":0,"178":0,"179":0,"180":0,"181":0,"182":0,"183":0,"184":0,"185":0,"186":0,"187":0,"188":0,"189":0,"190":0,"191":0,"192":0,"193":0,"194":0,"195":0,"196":0,"197":0,"198":0,"199":0,"200":0,"201":1,"202":1,"203":0,"204":1,"205":0,"206":1,"207":0,"208":0,"209":0,"210":0,"211":0,"212":0,"213":0,"214":0,"215":0,"216":0,"217":0},"f":{"0":1,"1":1,"2":1,"3":0,"4":0,"5":0,"6":0,"7":0,"8":0,"9":0,"10":0,"11":0,"12":0,"13":0,"14":0,"15":0,"16":0,"17":0,"18":0,"19":0,"20":0,"21":0,"22":0,"23":0,"24":0,"25":0,"26":0,"27":0,"28":0,"29":0,"30":0,"31":0,"32":0,"33":0,"34":0,"35":0,"36":0,"37":0,"38":0,"39":0,"40":0,"41":0,"42":0,"43":0,"44":0,"45":0,"46":0,"47":0,"48":0},"b":{"0":[1,1],"1":[1,1],"2":[1,1],"3":[0],"4":[0],"5":[0],"6":[0,0],"7":[0],"8":[0,0],"9":[0,0],"10":[0,0],"11":[0,0,0],"12":[0,0],"13":[0,0,0],"14":[0,0],"15":[0,0,0],"16":[0],"17":[0,0],"18":[0],"19":[0],"20":[0],"21":[0,0],"22":[0],"23":[0,0],"24":[0,0],"25":[0,0],"26":[0,0],"27":[0],"28":[0,0,0],"29":[0,0],"30":[0,0,0,0],"31":[0],"32":[0],"33":[0,0,0],"34":[0,0],"35":[0],"36":[0,0],"37":[0,0],"38":[0,0,0],"39":[0],"40":[0,0],"41":[0],"42":[0,0],"43":[0],"44":[0,0],"45":[0],"46":[0],"47":[0,0],"48":[0],"49":[0,0,0],"50":[0,0,0],"51":[0,0,0],"52":[0,0,0],"53":[0,0,0],"54":[0,0,0],"55":[0],"56":[0],"57":[0,0],"58":[0],"59":[0,0,0]}}
,"/Users/aserafin/Projects/near-api-js/packages/near-api-js/src/common-index.ts": {"path":"/Users/aserafin/Projects/near-api-js/packages/near-api-js/src/common-index.ts","statementMap":{"0":{"start":{"line":2,"column":0},"end":{"line":2,"column":41}},"1":{"start":{"line":23,"column":4},"end":{"line":23,"column":13}},"2":{"start":{"line":3,"column":0},"end":{"line":3,"column":33}},"3":{"start":{"line":24,"column":4},"end":{"line":24,"column":9}},"4":{"start":{"line":4,"column":0},"end":{"line":4,"column":46}},"5":{"start":{"line":25,"column":4},"end":{"line":25,"column":16}},"6":{"start":{"line":5,"column":0},"end":{"line":5,"column":43}},"7":{"start":{"line":26,"column":4},"end":{"line":26,"column":14}},"8":{"start":{"line":7,"column":0},"end":{"line":7,"column":9}},"9":{"start":{"line":29,"column":4},"end":{"line":7,"column":36}},"10":{"start":{"line":8,"column":0},"end":{"line":8,"column":47}},"11":{"start":{"line":28,"column":4},"end":{"line":28,"column":12}},"12":{"start":{"line":9,"column":0},"end":{"line":9,"column":52}},"13":{"start":{"line":22,"column":4},"end":{"line":22,"column":18}},"14":{"start":{"line":10,"column":0},"end":{"line":10,"column":9}},"15":{"start":{"line":30,"column":4},"end":{"line":10,"column":42}},"16":{"start":{"line":11,"column":0},"end":{"line":11,"column":9}},"17":{"start":{"line":33,"column":4},"end":{"line":11,"column":17}},"18":{"start":{"line":32,"column":4},"end":{"line":11,"column":50}},"19":{"start":{"line":12,"column":0},"end":{"line":12,"column":9}},"20":{"start":{"line":31,"column":4},"end":{"line":12,"column":38}},"21":{"start":{"line":13,"column":0},"end":{"line":13,"column":9}},"22":{"start":{"line":34,"column":4},"end":{"line":13,"column":43}},"23":{"start":{"line":14,"column":0},"end":{"line":14,"column":9}},"24":{"start":{"line":36,"column":4},"end":{"line":14,"column":30}},"25":{"start":{"line":16,"column":0},"end":{"line":16,"column":null}},"26":{"start":{"line":38,"column":4},"end":{"line":17,"column":null}},"27":{"start":{"line":39,"column":4},"end":{"line":18,"column":null}}},"fnMap":{"0":{"name":"(anonymous_6)","decl":{"start":{"line":29,"column":4},"end":{"line":29,"column":11}},"loc":{"start":{"line":29,"column":4},"end":{"line":7,"column":36}}},"1":{"name":"(anonymous_7)","decl":{"start":{"line":30,"column":4},"end":{"line":30,"column":14}},"loc":{"start":{"line":30,"column":4},"end":{"line":10,"column":42}}},"2":{"name":"(anonymous_8)","decl":{"start":{"line":33,"column":4},"end":{"line":33,"column":10}},"loc":{"start":{"line":33,"column":4},"end":{"line":11,"column":17}}},"3":{"name":"(anonymous_9)","decl":{"start":{"line":32,"column":4},"end":{"line":32,"column":18}},"loc":{"start":{"line":32,"column":4},"end":{"line":11,"column":50}}},"4":{"name":"(anonymous_10)","decl":{"start":{"line":31,"column":4},"end":{"line":31,"column":12}},"loc":{"start":{"line":31,"column":4},"end":{"line":12,"column":38}}},"5":{"name":"(anonymous_11)","decl":{"start":{"line":34,"column":4},"end":{"line":34,"column":11}},"loc":{"start":{"line":34,"column":4},"end":{"line":13,"column":43}}},"6":{"name":"(anonymous_12)","decl":{"start":{"line":36,"column":4},"end":{"line":36,"column":8}},"loc":{"start":{"line":36,"column":4},"end":{"line":14,"column":30}}},"7":{"name":"(anonymous_13)","decl":{"start":{"line":38,"column":4},"end":{"line":38,"column":26}},"loc":{"start":{"line":38,"column":4},"end":{"line":17,"column":null}}},"8":{"name":"(anonymous_14)","decl":{"start":{"line":39,"column":4},"end":{"line":39,"column":20}},"loc":{"start":{"line":39,"column":4},"end":{"line":18,"column":null}}}},"branchMap":{},"s":{"0":1,"1":1,"2":1,"3":1,"4":1,"5":1,"6":1,"7":1,"8":1,"9":1,"10":1,"11":1,"12":1,"13":1,"14":1,"15":1,"16":1,"17":1,"18":1,"19":1,"20":1,"21":1,"22":1,"23":1,"24":1,"25":1,"26":1,"27":1},"f":{"0":0,"1":0,"2":0,"3":0,"4":0,"5":0,"6":0,"7":0,"8":0},"b":{}}
[...]
ame":"str_to_key_type","decl":{"start":{"line":24,"column":9},"end":{"line":24,"column":24}},"loc":{"start":{"line":24,"column":40},"end":{"line":29,"column":1}}},"3":{"name":"(anonymous_4)","decl":{"start":{"line":38,"column":4},"end":{"line":38,"column":10}},"loc":{"start":{"line":38,"column":41},"end":{"line":43,"column":5}}},"4":{"name":"(anonymous_5)","decl":{"start":{"line":45,"column":4},"end":{"line":45,"column":10}},"loc":{"start":{"line":45,"column":40},"end":{"line":54,"column":5}}},"5":{"name":"(anonymous_6)","decl":{"start":{"line":56,"column":4},"end":{"line":56,"column":12}},"loc":{"start":{"line":56,"column":12},"end":{"line":58,"column":5}}},"6":{"name":"(anonymous_7)","decl":{"start":{"line":60,"column":4},"end":{"line":60,"column":10}},"loc":{"start":{"line":60,"column":53},"end":{"line":65,"column":5}}},"7":{"name":"(anonymous_8)","decl":{"start":{"line":78,"column":4},"end":{"line":78,"column":10}},"loc":{"start":{"line":78,"column":35},"end":{"line":83,"column":5}}},"8":{"name":"(anonymous_9)","decl":{"start":{"line":85,"column":4},"end":{"line":85,"column":10}},"loc":{"start":{"line":85,"column":40},"end":{"line":97,"column":5}}},"9":{"name":"(anonymous_10)","decl":{"start":{"line":113,"column":4},"end":{"line":113,"column":16}},"loc":{"start":{"line":113,"column":33},"end":{"line":118,"column":5}}},"10":{"name":"(anonymous_11)","decl":{"start":{"line":130,"column":4},"end":{"line":130,"column":10}},"loc":{"start":{"line":130,"column":21},"end":{"line":133,"column":5}}},"11":{"name":"(anonymous_12)","decl":{"start":{"line":135,"column":4},"end":{"line":135,"column":8}},"loc":{"start":{"line":135,"column":28},"end":{"line":138,"column":5}}},"12":{"name":"(anonymous_13)","decl":{"start":{"line":140,"column":4},"end":{"line":140,"column":10}},"loc":{"start":{"line":140,"column":53},"end":{"line":142,"column":5}}},"13":{"name":"(anonymous_14)","decl":{"start":{"line":144,"column":4},"end":{"line":144,"column":12}},"loc":{"start":{"line":144,"column":12},"end":{"line":146,"column":5}}},"14":{"name":"(anonymous_15)","decl":{"start":{"line":148,"column":4},"end":{"line":148,"column":16}},"loc":{"start":{"line":148,"column":16},"end":{"line":150,"column":5}}}},"branchMap":{"0":{"loc":{"start":{"line":13,"column":12},"end":{"line":13,"column":null}},"type":"binary-expr","locations":[{"start":{"line":13,"column":12},"end":{"line":13,"column":19}},{"start":{"line":13,"column":12},"end":{"line":13,"column":null}}]},"1":{"loc":{"start":{"line":18,"column":4},"end":{"line":21,"column":null}},"type":"switch","locations":[{"start":{"line":19,"column":8},"end":{"line":19,"column":47}},{"start":{"line":20,"column":8},"end":{"line":20,"column":64}}]},"2":{"loc":{"start":{"line":25,"column":4},"end":{"line":28,"column":null}},"type":"switch","locations":[{"start":{"line":26,"column":8},"end":{"line":26,"column":47}},{"start":{"line":27,"column":8},"end":{"line":27,"column":64}}]},"3":{"loc":{"start":{"line":39,"column":8},"end":{"line":41,"column":null}},"type":"if","locations":[{"start":{"line":39,"column":8},"end":{"line":41,"column":null}}]},"4":{"loc":{"start":{"line":47,"column":8},"end":{"line":53,"column":null}},"type":"if","locations":[{"start":{"line":47,"column":8},"end":{"line":53,"column":null}},{"start":{"line":49,"column":15},"end":{"line":53,"column":null}}]},"5":{"loc":{"start":{"line":49,"column":15},"end":{"line":53,"column":null}},"type":"if","locations":[{"start":{"line":49,"column":15},"end":{"line":53,"column":null}},{"start":{"line":51,"column":15},"end":{"line":53,"column":null}}]},"6":{"loc":{"start":{"line":61,"column":8},"end":{"line":64,"column":null}},"type":"switch","locations":[{"start":{"line":62,"column":12},"end":{"line":62,"column":98}},{"start":{"line":63,"column":12},"end":{"line":63,"column":73}}]},"7":{"loc":{"start":{"line":79,"column":8},"end":{"line":82,"column":null}},"type":"switch","locations":[{"start":{"line":80,"column":12},"end":{"line":80,"column":63}},{"start":{"line":81,"column":12},"end":{"line":81,"column":63}}]},"8":{"loc":{"start":{"line":87,"column":8},"end":{"line":96,"column":null}},"type":"if","locations":[{"start":{"line":87,"column":8},"end":{"line":96,"column":null}},{"start":{"line":89,"column":15},"end":{"line":96,"column":null}}]},"9":{"loc":{"start":{"line":89,"column":15},"end":{"line":96,"column":null}},"type":"if","locations":[{"start":{"line":89,"column":15},"end":{"line":96,"column":null}},{"start":{"line":94,"column":15},"end":{"line":96,"column":null}}]},"10":{"loc":{"start":{"line":90,"column":12},"end":{"line":93,"column":null}},"type":"switch","locations":[{"start":{"line":91,"column":16},"end":{"line":91,"column":68}},{"start":{"line":92,"column":16},"end":{"line":92,"column":71}}]}},"s":{"0":2,"1":2,"2":2,"3":2,"4":2,"5":0,"6":0,"7":0,"8":0,"9":0,"10":0,"11":0,"12":0,"13":0,"14":0,"15":0,"16":0,"17":0,"18":0,"19":0,"20":0,"21":0,"22":0,"23":0,"24":2,"25":0,"26":0,"27":0,"28":0,"29":0,"30":0,"31":0,"32":0,"33":0,"34":0,"35":0,"36":2,"37":0,"38":0,"39":0,"40":0,"41":0,"42":0,"43":0,"44":0,"45":0,"46":0,"47":0,"48":2},"f":{"0":2,"1":0,"2":0,"3":0,"4":0,"5":0,"6":0,"7":0,"8":0,"9":0,"10":0,"11":0,"12":0,"13":0,"14":0},"b":{"0":[2,2],"1":[0,0],"2":[0,0],"3":[0],"4":[0,0],"5":[0,0],"6":[0,0],"7":[0,0],"8":[0,0],"9":[0,0],"10":[0,0]}}
,"/Users/aserafin/Projects/near-api-js/packages/near-api-js/src/utils/rpc_errors.ts": {"path":"/Users/aserafin/Projects/near-api-js/packages/near-api-js/src/utils/rpc_errors.ts","statementMap":{"0":{"start":{"line":2,"column":0},"end":{"line":2,"column":32}},"1":{"start":{"line":3,"column":0},"end":{"line":3,"column":56}},"2":{"start":{"line":4,"column":0},"end":{"line":4,"column":50}},"3":{"start":{"line":5,"column":0},"end":{"line":5,"column":40}},"4":{"start":{"line":6,"column":0},"end":{"line":6,"column":45}},"5":{"start":{"line":8,"column":24},"end":{"line":10,"column":2}},"6":{"start":{"line":9,"column":22},"end":{"line":9,"column":77}},"7":{"start":{"line":9,"column":37},"end":{"line":9,"column":77}},"8":{"start":{"line":12,"column":0},"end":{"line":12,"column":13}},"9":{"start":{"line":20,"column":19},"end":{"line":20,"column":21}},"10":{"start":{"line":21,"column":27},"end":{"line":21,"column":75}},"11":{"start":{"line":23,"column":18},"end":{"line":23,"column":86}},"12":{"start":{"line":24,"column":4},"end":{"line":24,"column":33}},"13":{"start":{"line":25,"column":4},"end":{"line":25,"column":17}},"14":{"start":{"line":19,"column":0},"end":{"line":19,"column":16}},"15":{"start":{"line":29,"column":25},"end":{"line":29,"column":61}},"16":{"start":{"line":30,"column":28},"end":{"line":30,"column":56}},"17":{"start":{"line":31,"column":4},"end":{"line":31,"column":49}},"18":{"start":{"line":32,"column":4},"end":{"line":32,"column":45}},"19":{"start":{"line":33,"column":4},"end":{"line":33,"column":51}},"20":{"start":{"line":34,"column":4},"end":{"line":34,"column":69}},"21":{"start":{"line":35,"column":4},"end":{"line":35,"column":27}},"22":{"start":{"line":28,"column":0},"end":{"line":28,"column":16}},"23":{"start":{"line":39,"column":4},"end":{"line":44,"column":null}},"24":{"start":{"line":40,"column":8},"end":{"line":43,"column":11}},"25":{"start":{"line":45,"column":4},"end":{"line":45,"column":37}},"26":{"start":{"line":38,"column":0},"end":{"line":38,"column":16}},"27":{"start":{"line":59,"column":4},"end":{"line":75,"column":null}},"28":{"start":{"line":60,"column":8},"end":{"line":63,"column":null}},"29":{"start":{"line":62,"column":12},"end":{"line":62,"column":39}},"30":{"start":{"line":64,"column":8},"end":{"line":74,"column":null}},"31":{"start":{"line":65,"column":12},"end":{"line":65,"column":40}},"32":{"start":{"line":66,"column":12},"end":{"line":66,"column":37}},"33":{"start":{"line":67,"column":12},"end":{"line":67,"column":38}},"34":{"start":{"line":68,"column":15},"end":{"line":74,"column":null}},"35":{"start":{"line":69,"column":12},"end":{"line":69,"column":45}},"36":{"start":{"line":70,"column":12},"end":{"line":70,"column":37}},"37":{"start":{"line":71,"column":12},"end":{"line":71,"column":38}},"38":{"start":{"line":73,"column":12},"end":{"line":73,"column":21}},"39":{"start":{"line":76,"column":4},"end":{"line":85,"column":null}},"40":{"start":{"line":77,"column":8},"end":{"line":79,"column":null}},"41":{"start":{"line":78,"column":12},"end":{"line":78,"column":39}},"42":{"start":{"line":80,"column":8},"end":{"line":80,"column":65}},"43":{"start":{"line":83,"column":8},"end":{"line":83,"column":31}},"44":{"start":{"line":84,"column":8},"end":{"line":84,"column":24}},"45":{"start":{"line":90,"column":4},"end":{"line":103,"column":null}},"46":{"start":{"line":92,"column":12},"end":{"line":92,"column":41}},"47":{"start":{"line":94,"column":12},"end":{"line":94,"column":41}},"48":{"start":{"line":96,"column":12},"end":{"line":96,"column":43}},"49":{"start":{"line":98,"column":12},"end":{"line":98,"column":38}},"50":{"start":{"line":100,"column":12},"end":{"line":100,"column":34}},"51":{"start":{"line":102,"column":12},"end":{"line":102,"column":29}},"52":{"start":{"line":88,"column":0},"end":{"line":88,"column":16}},"53":{"start":{"line":111,"column":4},"end":{"line":111,"column":67}},"54":{"start":{"line":119,"column":4},"end":{"line":119,"column":67}}},"fnMap":{"0":{"name":"(anonymous_1)","decl":{"start":{"line":9,"column":16},"end":{"line":9,"column":19}},"loc":{"start":{"line":9,"column":22},"end":{"line":9,"column":77}}},"1":{"name":"(anonymous_2)","decl":{"start":{"line":9,"column":22},"end":{"line":9,"column":23}},"loc":{"start":{"line":9,"column":37},"end":{"line":9,"column":77}}},"2":{"name":"parseRpcError","decl":{"start":{"line":19,"column":16},"end":{"line":19,"column":29}},"loc":{"start":{"line":19,"column":59},"end":{"line":26,"column":1}}},"3":{"name":"parseResultError","decl":{"start":{"line":28,"column":16},"end":{"line":28,"column":32}},"loc":{"start":{"line":28,"column":44},"end":{"line":36,"column":1}}},"4":{"name":"formatError","decl":{"start":{"line":38,"column":16},"end":{"line":38,"column":27}},"loc":{"start":{"line":38,"column":61},"end":{"line":46,"column":1}}},"5":{"name":"walkSubtype","decl":{"start":{"line":55,"column":9},"end":{"line":55,"column":20}},"loc":{"start":{"line":55,"column":55},"end":{"line":86,"column":1}}},"6":{"name":"getErrorTypeFromErrorMessage","decl":{"start":{"line":88,"column":16},"end":{"line":88,"column":44}},"loc":{"start":{"line":88,"column":68},"end":{"line":104,"column":1}}},"7":{"name":"isObject","decl":{"start":{"line":110,"column":9},"end":{"line":110,"column":17}},"loc":{"start":{"line":110,"column":19},"end":{"line":112,"column":1}}},"8":{"name":"isString","decl":{"start":{"line":118,"column":9},"end":{"line":118,"column":17}},"loc":{"start":{"line":118,"column":19},"end":{"line":120,"column":1}}}},"branchMap":{"0":{"loc":{"start":{"line":39,"column":4},"end":{"line":44,"column":null}},"type":"if","locations":[{"start":{"line":39,"column":4},"end":{"line":44,"column":null}}]},"1":{"loc":{"start":{"line":60,"column":8},"end":{"line":63,"column":null}},"type":"if","locations":[{"start":{"line":60,"column":8},"end":{"line":63,"column":null}}]},"2":{"loc":{"start":{"line":64,"column":8},"end":{"line":74,"column":null}},"type":"if","locations":[{"start":{"line":64,"column":8},"end":{"line":74,"column":null}},{"start":{"line":68,"column":15},"end":{"line":74,"column":null}}]},"3":{"loc":{"start":{"line":68,"column":15},"end":{"line":74,"column":null}},"type":"if","locations":[{"start":{"line":68,"column":15},"end":{"line":74,"column":null}},{"start":{"line":72,"column":15},"end":{"line":74,"column":null}}]},"4":{"loc":{"start":{"line":68,"column":19},"end":{"line":68,"column":80}},"type":"binary-expr","locations":[{"start":{"line":68,"column":19},"end":{"line":68,"column":42}},{"start":{"line":68,"column":46},"end":{"line":68,"column":80}}]},"5":{"loc":{"start":{"line":76,"column":4},"end":{"line":85,"column":null}},"type":"if","locations":[{"start":{"line":76,"column":4},"end":{"line":85,"column":null}},{"start":{"line":81,"column":11},"end":{"line":85,"column":null}}]},"6":{"loc":{"start":{"line":76,"column":8},"end":{"line":76,"column":21}},"type":"binary-expr","locations":[{"start":{"line":76,"column":8},"end":{"line":76,"column":13}},{"start":{"line":76,"column":17},"end":{"line":76,"column":21}}]},"7":{"loc":{"start":{"line":90,"column":4},"end":{"line":103,"column":null}},"type":"switch","locations":[{"start":{"line":91,"column":8},"end":{"line":92,"column":41}},{"start":{"line":93,"column":8},"end":{"line":94,"column":41}},{"start":{"line":95,"column":8},"end":{"line":96,"column":43}},{"start":{"line":97,"column":8},"end":{"line":98,"column":38}},{"start":{"line":99,"column":8},"end":{"line":100,"column":34}},{"start":{"line":101,"column":8},"end":{"line":102,"column":29}}]}},"s":{"0":1,"1":1,"2":1,"3":1,"4":1,"5":1,"6":0,"7":0,"8":1,"9":0,"10":0,"11":0,"12":0,"13":0,"14":1,"15":0,"16":0,"17":0,"18":0,"19":0,"20":0,"21":0,"22":1,"23":0,"24":0,"25":0,"26":1,"27":0,"28":0,"29":0,"30":0,"31":0,"32":0,"33":0,"34":0,"35":0,"36":0,"37":0,"38":0,"39":0,"40":0,"41":0,"42":0,"43":0,"44":0,"45":0,"46":0,"47":0,"48":0,"49":0,"50":0,"51":0,"52":1,"53":0,"54":0},"f":{"0":0,"1":0,"2":0,"3":0,"4":0,"5":0,"6":0,"7":0,"8":0},"b":{"0":[0],"1":[0],"2":[0,0],"3":[0,0],"4":[0,0],"5":[0,0],"6":[0,0],"7":[0,0,0,0,0,0]}}
,"/Users/aserafin/Projects/near-api-js/packages/near-api-js/src/utils/serialize.ts": {"path":"/Users/aserafin/Projects/near-api-js/packages/near-api-js/src/utils/serialize.ts","statementMap":{"0":{"start":{"line":1,"column":0},"end":{"line":1,"column":null}},"1":{"start":{"line":2,"column":4},"end":{"line":2,"column":29}},"2":{"start":{"line":3,"column":4},"end":{"line":3,"column":29}},"3":{"start":{"line":4,"column":4},"end":{"line":4,"column":null}},"4":{"start":{"line":5,"column":4},"end":{"line":5,"column":null}},"5":{"start":{"line":7,"column":4},"end":{"line":7,"column":null}},"6":{"start":{"line":8,"column":4},"end":{"line":8,"column":null}},"7":{"start":{"line":9,"column":4},"end":{"line":9,"column":null}}},"fnMap":{"0":{"name":"(anonymous_0)","decl":{"start":{"line":2,"column":4},"end":{"line":2,"column":14}},"loc":{"start":{"line":2,"column":4},"end":{"line":2,"column":29}}},"1":{"name":"(anonymous_1)","decl":{"start":{"line":3,"column":4},"end":{"line":3,"column":14}},"loc":{"start":{"line":3,"column":4},"end":{"line":3,"column":29}}},"2":{"name":"(anonymous_2)","decl":{"start":{"line":4,"column":4},"end":{"line":4,"column":13}},"loc":{"start":{"line":4,"column":4},"end":{"line":4,"column":null}}},"3":{"name":"(anonymous_3)","decl":{"start":{"line":5,"column":4},"end":{"line":5,"column":15}},"loc":{"start":{"line":5,"column":4},"end":{"line":5,"column":null}}},"4":{"name":"(anonymous_4)","decl":{"start":{"line":7,"column":4},"end":{"line":7,"column":14}},"loc":{"start":{"line":7,"column":4},"end":{"line":7,"column":null}}},"5":{"name":"(anonymous_5)","decl":{"start":{"line":8,"column":4},"end":{"line":8,"column":16}},"loc":{"start":{"line":8,"column":4},"end":{"line":8,"column":null}}},"6":{"name":"(anonymous_6)","decl":{"start":{"line":9,"column":4},"end":{"line":9,"column":16}},"loc":{"start":{"line":9,"column":4},"end":{"line":9,"column":null}}}},"branchMap":{},"s":{"0":2,"1":2,"2":2,"3":2,"4":2,"5":2,"6":2,"7":2},"f":{"0":0,"1":0,"2":0,"3":0,"4":0,"5":0,"6":0},"b":{}}
,"/Users/aserafin/Projects/near-api-js/packages/near-api-js/src/utils/web.ts": {"path":"/Users/aserafin/Projects/near-api-js/packages/near-api-js/src/utils/web.ts","statementMap":{"0":{"start":{"line":1,"column":0},"end":{"line":1,"column":38}},"1":{"start":{"line":3,"column":0},"end":{"line":3,"column":55}},"2":{"start":{"line":4,"column":0},"end":{"line":4,"column":42}},"3":{"start":{"line":5,"column":0},"end":{"line":5,"column":38}},"4":{"start":{"line":7,"column":27},"end":{"line":7,"column":31}},"5":{"start":{"line":8,"column":27},"end":{"line":8,"column":30}},"6":{"start":{"line":9,"column":21},"end":{"line":9,"column":23}},"7":{"start":{"line":21,"column":41},"end":{"line":21,"column":54}},"8":{"start":{"line":22,"column":4},"end":{"line":26,"column":null}},"9":{"start":{"line":23,"column":8},"end":{"line":23,"column":49}},"10":{"start":{"line":25,"column":8},"end":{"line":25,"column":63}},"11":{"start":{"line":28,"column":21},"end":{"line":50,"column":6}},"12":{"start":{"line":28,"column":111},"end":{"line":50,"column":6}},"13":{"start":{"line":29,"column":8},"end":{"line":49,"column":null}},"14":{"start":{"line":30,"column":29},"end":{"line":34,"column":14}},"15":{"start":{"line":35,"column":12},"end":{"line":41,"column":null}},"16":{"start":{"line":36,"column":16},"end":{"line":39,"column":null}},"17":{"start":{"line":37,"column":20},"end":{"line":37,"column":108}},"18":{"start":{"line":38,"column":20},"end":{"line":38,"column":32}},"19":{"start":{"line":40,"column":16},"end":{"line":40,"column":74}},"20":{"start":{"line":42,"column":12},"end":{"line":42,"column":28}},"21":{"start":{"line":44,"column":12},"end":{"line":47,"column":null}},"22":{"start":{"line":45,"column":16},"end":{"line":45,"column":105}},"23":{"start":{"line":46,"column":16},"end":{"line":46,"column":28}},"24":{"start":{"line":48,"column":12},"end":{"line":48,"column":24}},"25":{"start":{"line":51,"column":4},"end":{"line":53,"column":null}},"26":{"start":{"line":52,"column":8},"end":{"line":52,"column":112}},"27":{"start":{"line":54,"column":4},"end":{"line":54,"column":33}},"28":{"start":{"line":20,"column":0},"end":{"line":20,"column":22}}},"fnMap":{"0":{"name":"fetchJson","decl":{"start":{"line":20,"column":22},"end":{"line":20,"column":31}},"loc":{"start":{"line":20,"column":91},"end":{"line":55,"column":null}}},"1":{"name":"(anonymous_10)","decl":{"start":{"line":28,"column":100},"end":{"line":28,"column":109}},"loc":{"start":{"line":28,"column":111},"end":{"line":50,"column":6}}},"2":{"name":"(anonymous_11)","decl":{"start":{"line":28,"column":111},"end":{"line":28,"column":null}},"loc":{"start":{"line":28,"column":111},"end":{"line":50,"column":5}}}},"branchMap":{"0":{"loc":{"start":{"line":22,"column":4},"end":{"line":26,"column":null}},"type":"if","locations":[{"start":{"line":22,"column":4},"end":{"line":26,"column":null}},{"start":{"line":24,"column":11},"end":{"line":26,"column":null}}]},"1":{"loc":{"start":{"line":31,"column":24},"end":{"line":31,"column":45}},"type":"cond-expr","locations":[{"start":{"line":31,"column":31},"end":{"line":31,"column":37}},{"start":{"line":31,"column":40},"end":{"line":31,"column":45}}]},"2":{"loc":{"start":{"line":32,"column":22},"end":{"line":32,"column":45}},"type":"cond-expr","locations":[{"start":{"line":32,"column":29},"end":{"line":32,"column":33}},{"start":{"line":32,"column":36},"end":{"line":32,"column":45}}]},"3":{"loc":{"start":{"line":35,"column":12},"end":{"line":41,"column":null}},"type":"if","locations":[{"start":{"line":35,"column":12},"end":{"line":41,"column":null}}]},"4":{"loc":{"start":{"line":36,"column":16},"end":{"line":39,"column":null}},"type":"if","locations":[{"start":{"line":36,"column":16},"end":{"line":39,"column":null}}]},"5":{"loc":{"start":{"line":44,"column":12},"end":{"line":47,"column":null}},"type":"if","locations":[{"start":{"line":44,"column":12},"end":{"line":47,"column":null}}]},"6":{"loc":{"start":{"line":44,"column":16},"end":{"line":44,"column":103}},"type":"binary-expr","locations":[{"start":{"line":44,"column":16},"end":{"line":44,"column":55}},{"start":{"line":44,"column":59},"end":{"line":44,"column":103}}]},"7":{"loc":{"start":{"line":51,"column":4},"end":{"line":53,"column":null}},"type":"if","locations":[{"start":{"line":51,"column":4},"end":{"line":53,"column":null}}]}},"s":{"0":1,"1":1,"2":1,"3":1,"4":1,"5":1,"6":1,"7":0,"8":0,"9":0,"10":0,"11":0,"12":0,"13":0,"14":0,"15":0,"16":0,"17":0,"18":0,"19":0,"20":0,"21":0,"22":0,"23":0,"24":0,"25":0,"26":0,"27":0,"28":1},"f":{"0":0,"1":0,"2":0},"b":{"0":[0,0],"1":[0,0],"2":[0,0],"3":[0],"4":[0],"5":[0],"6":[0,0],"7":[0]}}
}
