TN:
SF:src/account.ts
FN:144,parseJsonFromRawResponse
FN:148,bytesJsonStringify
FN:163,(anonymous_10)
FN:172,(anonymous_11)
FN:181,(anonymous_13)
FN:194,(anonymous_14)
FN:208,(anonymous_15)
FN:228,(anonymous_17)
FN:231,(anonymous_19)
FN:231,(anonymous_20)
FN:257,(anonymous_21)
FN:297,(anonymous_22)
FN:349,(anonymous_24)
FN:363,(anonymous_26)
FN:374,(anonymous_28)
FN:385,(anonymous_30)
FN:398,(anonymous_32)
FN:406,(anonymous_34)
FN:414,(anonymous_35)
FN:443,(anonymous_37)
FN:466,(anonymous_39)
FN:479,(anonymous_41)
FN:487,(anonymous_43)
FN:512,(anonymous_44)
FN:554,(anonymous_46)
FN:562,(anonymous_48)
FN:572,(anonymous_49)
FN:579,(anonymous_51)
FN:586,(anonymous_52)
FN:591,(anonymous_54)
FN:592,(anonymous_55)
FN:606,(anonymous_56)
FN:630,(anonymous_58)
FN:637,(anonymous_60)
FN:641,(anonymous_61)
FN:652,(anonymous_62)
FN:663,(anonymous_63)
FNF:37
FNH:0
FNDA:0,parseJsonFromRawResponse
FNDA:0,bytesJsonStringify
FNDA:0,(anonymous_10)
FNDA:0,(anonymous_11)
FNDA:0,(anonymous_13)
FNDA:0,(anonymous_14)
FNDA:0,(anonymous_15)
FNDA:0,(anonymous_17)
FNDA:0,(anonymous_19)
FNDA:0,(anonymous_20)
FNDA:0,(anonymous_21)
FNDA:0,(anonymous_22)
FNDA:0,(anonymous_24)
FNDA:0,(anonymous_26)
FNDA:0,(anonymous_28)
FNDA:0,(anonymous_30)
FNDA:0,(anonymous_32)
FNDA:0,(anonymous_34)
FNDA:0,(anonymous_35)
FNDA:0,(anonymous_37)
FNDA:0,(anonymous_39)
FNDA:0,(anonymous_41)
FNDA:0,(anonymous_43)
FNDA:0,(anonymous_44)
FNDA:0,(anonymous_46)
FNDA:0,(anonymous_48)
FNDA:0,(anonymous_49)
FNDA:0,(anonymous_51)
FNDA:0,(anonymous_52)
FNDA:0,(anonymous_54)
FNDA:0,(anonymous_55)
FNDA:0,(anonymous_56)
FNDA:0,(anonymous_58)
FNDA:0,(anonymous_60)
FNDA:0,(anonymous_61)
FNDA:0,(anonymous_62)
FNDA:0,(anonymous_63)
DA:1,1
DA:3,1
DA:19,1
DA:32,1
DA:33,1
DA:34,1
DA:35,1
DA:37,1
DA:39,1
DA:42,1
DA:45,1
DA:48,1
DA:145,0
DA:149,0
DA:159,1
DA:164,0
DA:165,0
DA:173,0
DA:182,0
DA:183,0
DA:184,0
DA:185,0
DA:186,0
DA:187,0
DA:195,0
DA:196,0
DA:197,0
DA:209,0
DA:210,0
DA:211,0
DA:213,0
DA:215,0
DA:216,0
DA:218,0
DA:219,0
DA:231,0
DA:232,0
DA:233,0
DA:235,0
DA:236,0
DA:238,0
DA:239,0
DA:240,0
DA:241,0
DA:243,0
DA:244,0
DA:245,0
DA:248,0
DA:249,0
DA:252,0
DA:254,0
DA:257,0
DA:258,0
DA:260,0
DA:265,0
DA:267,0
DA:270,0
DA:272,0
DA:273,0
DA:277,0
DA:281,0
DA:285,0
DA:299,0
DA:300,0
DA:301,0
DA:304,0
DA:305,0
DA:306,0
DA:309,0
DA:310,0
DA:318,0
DA:326,0
DA:327,0
DA:330,0
DA:331,0
DA:333,0
DA:334,0
DA:337,0
DA:350,0
DA:351,0
DA:355,0
DA:356,0
DA:364,0
DA:375,0
DA:376,0
DA:386,0
DA:387,0
DA:389,0
DA:399,0
DA:407,0
DA:415,0
DA:418,0
DA:419,0
DA:420,0
DA:422,0
DA:423,0
DA:426,0
DA:444,0
DA:445,0
DA:447,0
DA:448,0
DA:451,0
DA:452,0
DA:454,0
DA:456,0
DA:467,0
DA:480,0
DA:488,0
DA:489,0
DA:490,0
DA:493,0
DA:494,0
DA:523,0
DA:525,0
DA:526,0
DA:528,0
DA:531,0
DA:539,0
DA:540,0
DA:543,0
DA:555,0
DA:562,0
DA:573,0
DA:579,0
DA:589,0
DA:590,0
DA:591,0
DA:593,0
DA:594,0
DA:600,0
DA:607,0
DA:608,0
DA:610,0
DA:611,0
DA:612,0
DA:613,0
DA:614,0
DA:616,0
DA:631,0
DA:632,0
DA:633,0
DA:634,0
DA:635,0
DA:636,0
DA:637,0
DA:639,0
DA:640,0
DA:642,0
DA:650,0
DA:652,0
DA:653,0
DA:654,0
DA:656,0
DA:660,0
DA:661,0
DA:663,0
DA:664,0
DA:665,0
DA:666,0
DA:667,0
DA:668,0
DA:675,0
DA:676,0
DA:681,0
DA:685,0
LF:165
LH:13
BRDA:182,0,0,0
BRDA:184,1,0,0
BRDA:184,1,1,0
BRDA:186,2,0,0
BRDA:194,3,0,0
BRDA:195,4,0,0
BRDA:210,5,0,0
BRDA:238,6,0,0
BRDA:243,7,0,0
BRDA:252,8,0,0
BRDA:258,9,0,0
BRDA:258,9,1,0
BRDA:258,10,0,0
BRDA:258,10,1,0
BRDA:258,10,2,0
BRDA:263,11,0,0
BRDA:263,11,1,0
BRDA:270,12,0,0
BRDA:270,13,0,0
BRDA:270,13,1,0
BRDA:270,13,2,0
BRDA:270,13,3,0
BRDA:272,14,0,0
BRDA:272,14,1,0
BRDA:272,15,0,0
BRDA:272,15,1,0
BRDA:300,16,0,0
BRDA:305,17,0,0
BRDA:326,18,0,0
BRDA:333,19,0,0
BRDA:386,20,0,0
BRDA:414,21,0,0
BRDA:414,22,0,0
BRDA:418,23,0,0
BRDA:418,23,1,0
BRDA:422,24,0,0
BRDA:422,24,1,0
BRDA:427,25,0,0
BRDA:427,25,1,0
BRDA:444,26,0,0
BRDA:447,27,0,0
BRDA:451,28,0,0
BRDA:451,28,1,0
BRDA:488,29,0,0
BRDA:488,29,1,0
BRDA:489,30,0,0
BRDA:493,31,0,0
BRDA:493,32,0,0
BRDA:493,32,1,0
BRDA:515,33,0,0
BRDA:516,34,0,0
BRDA:517,35,0,0
BRDA:518,36,0,0
BRDA:519,37,0,0
BRDA:525,38,0,0
BRDA:525,38,1,0
BRDA:526,39,0,0
BRDA:526,39,1,0
BRDA:534,40,0,0
BRDA:534,40,1,0
BRDA:535,41,0,0
BRDA:535,41,1,0
BRDA:539,42,0,0
BRDA:543,43,0,0
BRDA:543,43,1,0
BRDA:543,43,2,0
BRDA:554,44,0,0
BRDA:579,45,0,0
BRDA:579,45,1,0
BRDA:579,46,0,0
BRDA:579,46,1,0
BRDA:579,47,0,0
BRDA:579,47,1,0
BRDA:579,48,0,0
BRDA:579,48,1,0
BRDA:653,49,0,0
BRDA:653,50,0,0
BRDA:653,50,1,0
BRDA:660,51,0,0
BRDA:665,52,0,0
BRDA:667,53,0,0
BRDA:675,54,0,0
BRF:82
BRH:0
end_of_record
TN:
SF:src/account_creator.ts
FN:18,(anonymous_7)
FN:30,(anonymous_8)
FN:39,(anonymous_10)
FN:52,(anonymous_11)
FNF:4
FNH:0
FNDA:0,(anonymous_7)
FNDA:0,(anonymous_8)
FNDA:0,(anonymous_10)
FNDA:0,(anonymous_11)
DA:4,1
DA:10,1
DA:14,1
DA:19,0
DA:20,0
DA:21,0
DA:31,0
DA:35,1
DA:40,0
DA:41,0
DA:42,0
DA:53,0
LF:12
LH:4
BRF:0
BRH:0
end_of_record
TN:
SF:src/account_multisig.ts
FN:25,(anonymous_8)
FN:33,(anonymous_9)
FN:40,(anonymous_10)
FN:55,(anonymous_11)
FN:61,(anonymous_12)
FN:65,(anonymous_15)
FN:121,(anonymous_18)
FN:153,(anonymous_21)
FN:160,(anonymous_22)
FN:163,(anonymous_24)
FN:167,(anonymous_25)
FN:189,(anonymous_28)
FN:198,(anonymous_30)
FN:205,(anonymous_31)
FN:226,(anonymous_32)
FN:240,(anonymous_33)
FN:253,(anonymous_36)
FN:257,(anonymous_39)
FN:258,(anonymous_40)
FN:261,(anonymous_41)
FN:262,(anonymous_42)
FN:270,(anonymous_43)
FN:271,(anonymous_44)
FN:291,(anonymous_45)
FN:294,(anonymous_47)
FN:314,(anonymous_48)
FN:315,(anonymous_50)
FN:325,(anonymous_51)
FN:332,(anonymous_52)
FN:336,(anonymous_54)
FN:337,(anonymous_55)
FN:346,(anonymous_56)
FN:347,(anonymous_57)
FN:356,(anonymous_58)
FN:363,(anonymous_60)
FN:365,(anonymous_61)
FN:384,(anonymous_62)
FN:396,(anonymous_64)
FN:400,(anonymous_66)
FN:418,(anonymous_68)
FN:432,(anonymous_70)
FN:440,(anonymous_72)
FN:443,(anonymous_74)
FN:450,(anonymous_75)
FN:459,(anonymous_77)
FN:468,(anonymous_79)
FN:469,(anonymous_80)
FN:471,(anonymous_81)
FN:471,(anonymous_82)
FNF:49
FNH:3
FNDA:1,(anonymous_8)
FNDA:1,(anonymous_9)
FNDA:1,(anonymous_10)
FNDA:0,(anonymous_11)
FNDA:0,(anonymous_12)
FNDA:0,(anonymous_15)
FNDA:0,(anonymous_18)
FNDA:0,(anonymous_21)
FNDA:0,(anonymous_22)
FNDA:0,(anonymous_24)
FNDA:0,(anonymous_25)
FNDA:0,(anonymous_28)
FNDA:0,(anonymous_30)
FNDA:0,(anonymous_31)
FNDA:0,(anonymous_32)
FNDA:0,(anonymous_33)
FNDA:0,(anonymous_36)
FNDA:0,(anonymous_39)
FNDA:0,(anonymous_40)
FNDA:0,(anonymous_41)
FNDA:0,(anonymous_42)
FNDA:0,(anonymous_43)
FNDA:0,(anonymous_44)
FNDA:0,(anonymous_45)
FNDA:0,(anonymous_47)
FNDA:0,(anonymous_48)
FNDA:0,(anonymous_50)
FNDA:0,(anonymous_51)
FNDA:0,(anonymous_52)
FNDA:0,(anonymous_54)
FNDA:0,(anonymous_55)
FNDA:0,(anonymous_56)
FNDA:0,(anonymous_57)
FNDA:0,(anonymous_58)
FNDA:0,(anonymous_60)
FNDA:0,(anonymous_61)
FNDA:0,(anonymous_62)
FNDA:0,(anonymous_64)
FNDA:0,(anonymous_66)
FNDA:0,(anonymous_68)
FNDA:0,(anonymous_70)
FNDA:0,(anonymous_72)
FNDA:0,(anonymous_74)
FNDA:0,(anonymous_75)
FNDA:0,(anonymous_77)
FNDA:0,(anonymous_79)
FNDA:0,(anonymous_80)
FNDA:0,(anonymous_81)
FNDA:0,(anonymous_82)
DA:3,1
DA:4,1
DA:6,1
DA:7,1
DA:8,1
DA:9,1
DA:10,1
DA:13,1
DA:14,1
DA:16,1
DA:17,1
DA:18,1
DA:19,1
DA:25,1
DA:26,1
DA:27,1
DA:28,1
DA:29,1
DA:30,1
DA:33,1
DA:34,1
DA:35,1
DA:36,1
DA:37,1
DA:40,1
DA:41,1
DA:42,1
DA:43,1
DA:47,1
DA:51,1
DA:56,0
DA:57,0
DA:58,0
DA:62,0
DA:66,0
DA:68,0
DA:76,0
DA:77,0
DA:84,0
DA:85,0
DA:86,0
DA:88,0
DA:92,0
DA:93,0
DA:95,0
DA:96,0
DA:97,0
DA:100,0
DA:106,0
DA:107,0
DA:111,0
DA:113,0
DA:122,0
DA:123,0
DA:125,0
DA:126,0
DA:127,0
DA:134,0
DA:137,0
DA:139,0
DA:140,0
DA:141,0
DA:142,0
DA:143,0
DA:144,0
DA:145,0
DA:147,0
DA:149,0
DA:154,0
DA:161,0
DA:162,0
DA:163,0
DA:170,0
DA:171,0
DA:172,0
DA:173,0
DA:174,0
DA:176,0
DA:177,0
DA:182,0
DA:192,0
DA:199,0
DA:200,0
DA:202,0
DA:206,0
DA:207,0
DA:209,0
DA:213,1
DA:224,0
DA:227,0
DA:228,0
DA:229,0
DA:230,0
DA:231,0
DA:232,0
DA:233,0
DA:241,0
DA:243,0
DA:244,0
DA:245,0
DA:246,0
DA:248,0
DA:254,0
DA:256,0
DA:257,0
DA:258,0
DA:260,0
DA:261,0
DA:262,0
DA:265,0
DA:267,0
DA:269,0
DA:270,0
DA:271,0
DA:275,0
DA:276,0
DA:278,0
DA:279,0
DA:281,0
DA:283,0
DA:285,0
DA:287,0
DA:292,0
DA:293,0
DA:294,0
DA:295,0
DA:297,0
DA:299,0
DA:305,0
DA:307,0
DA:308,0
DA:311,0
DA:315,0
DA:316,0
DA:317,0
DA:318,0
DA:320,0
DA:325,0
DA:326,0
DA:333,0
DA:334,0
DA:335,0
DA:336,0
DA:338,0
DA:339,0
DA:343,0
DA:344,0
DA:346,0
DA:347,0
DA:357,0
DA:358,0
DA:359,0
DA:363,0
DA:365,0
DA:366,0
DA:367,0
DA:369,0
DA:372,0
DA:377,0
DA:378,0
DA:385,0
DA:386,0
DA:387,0
DA:388,0
DA:393,0
DA:397,0
DA:401,0
DA:402,0
DA:403,0
DA:404,0
DA:407,0
DA:409,0
DA:410,0
DA:411,0
DA:414,0
DA:419,0
DA:420,0
DA:421,0
DA:422,0
DA:424,0
DA:425,0
DA:433,0
DA:434,0
DA:441,0
DA:442,0
DA:443,0
DA:445,0
DA:446,0
DA:447,0
DA:451,0
DA:452,0
DA:453,0
DA:454,0
DA:455,0
DA:456,0
DA:460,0
DA:468,1
DA:469,1
DA:471,1
DA:472,0
DA:473,0
DA:474,0
DA:485,0
DA:486,0
DA:487,0
DA:493,0
DA:494,0
DA:495,0
DA:502,0
LF:209
LH:34
BRDA:25,0,0,1
BRDA:25,0,1,1
BRDA:33,1,0,1
BRDA:33,1,1,1
BRDA:40,2,0,1
BRDA:40,2,1,1
BRDA:84,3,0,0
BRDA:92,4,0,0
BRDA:96,5,0,0
BRDA:96,6,0,0
BRDA:96,6,1,0
BRDA:106,7,0,0
BRDA:123,8,0,0
BRDA:123,8,1,0
BRDA:126,9,0,0
BRDA:126,9,1,0
BRDA:139,10,0,0
BRDA:139,10,1,0
BRDA:139,11,0,0
BRDA:139,11,1,0
BRDA:139,11,2,0
BRDA:141,12,0,0
BRDA:141,12,1,0
BRDA:141,13,0,0
BRDA:141,13,1,0
BRDA:141,13,2,0
BRDA:143,14,0,0
BRDA:143,14,1,0
BRDA:143,15,0,0
BRDA:143,15,1,0
BRDA:143,15,2,0
BRDA:145,16,0,0
BRDA:145,17,0,0
BRDA:145,17,1,0
BRDA:162,18,0,0
BRDA:173,19,0,0
BRDA:199,20,0,0
BRDA:200,21,0,0
BRDA:200,21,1,0
BRDA:206,22,0,0
BRDA:228,23,0,0
BRDA:228,23,1,0
BRDA:230,24,0,0
BRDA:230,24,1,0
BRDA:231,25,0,0
BRDA:231,25,1,0
BRDA:232,26,0,0
BRDA:232,26,1,0
BRDA:245,27,0,0
BRDA:257,28,0,0
BRDA:257,28,1,0
BRDA:257,28,2,0
BRDA:261,29,0,0
BRDA:261,29,1,0
BRDA:279,30,0,0
BRDA:279,30,1,0
BRDA:279,30,2,0
BRDA:279,30,3,0
BRDA:293,31,0,0
BRDA:307,32,0,0
BRDA:307,33,0,0
BRDA:307,33,1,0
BRDA:307,33,2,0
BRDA:316,34,0,0
BRDA:316,34,1,0
BRDA:317,35,0,0
BRDA:320,36,0,0
BRDA:320,36,1,0
BRDA:326,37,0,0
BRDA:326,37,1,0
BRDA:339,38,0,0
BRDA:339,38,1,0
BRDA:339,38,2,0
BRDA:358,39,0,0
BRDA:358,40,0,0
BRDA:358,40,1,0
BRDA:366,41,0,0
BRDA:367,42,0,0
BRDA:367,42,1,0
BRDA:410,43,0,0
BRDA:410,44,0,0
BRDA:410,44,1,0
BRDA:421,45,0,0
BRDA:442,46,0,0
BRDA:442,47,0,0
BRDA:442,47,1,0
BRDA:445,48,0,0
BRDA:476,49,0,0
BRDA:476,49,1,0
BRDA:476,49,2,0
BRDA:477,50,0,0
BRDA:477,50,1,0
BRDA:477,50,2,0
BRDA:479,51,0,0
BRDA:479,51,1,0
BRDA:479,51,2,0
BRDA:480,52,0,0
BRDA:480,52,1,0
BRDA:480,52,2,0
BRDA:481,53,0,0
BRDA:481,53,1,0
BRDA:481,53,2,0
BRDA:482,54,0,0
BRDA:482,54,1,0
BRDA:482,54,2,0
BRDA:485,55,0,0
BRDA:486,56,0,0
BRDA:486,57,0,0
BRDA:486,57,1,0
BRDA:493,58,0,0
BRDA:497,59,0,0
BRDA:497,59,1,0
BRDA:497,59,2,0
BRF:113
BRH:6
end_of_record
TN:
SF:src/common-index.ts
FN:29,(anonymous_6)
FN:30,(anonymous_7)
FN:33,(anonymous_8)
FN:32,(anonymous_9)
FN:31,(anonymous_10)
FN:34,(anonymous_11)
FN:36,(anonymous_12)
FN:38,(anonymous_13)
FN:39,(anonymous_14)
FNF:9
FNH:0
FNDA:0,(anonymous_6)
FNDA:0,(anonymous_7)
FNDA:0,(anonymous_8)
FNDA:0,(anonymous_9)
FNDA:0,(anonymous_10)
FNDA:0,(anonymous_11)
FNDA:0,(anonymous_12)
FNDA:0,(anonymous_13)
FNDA:0,(anonymous_14)
DA:2,1
DA:3,1
DA:4,1
DA:5,1
DA:7,1
DA:8,1
DA:9,1
DA:10,1
DA:11,1
DA:12,1
DA:13,1
DA:14,1
DA:16,1
DA:22,1
DA:23,1
DA:24,1
DA:25,1
DA:26,1
DA:28,1
DA:29,1
DA:30,1
DA:31,1
DA:32,1
DA:33,1
DA:34,1
DA:36,1
DA:38,1
DA:39,1
LF:28
LH:28
BRF:0
BRH:0
end_of_record
TN:
SF:src/connection.ts
FN:8,getProvider
FN:21,getSigner
FN:41,(anonymous_2)
FN:51,(anonymous_3)
FNF:4
FNH:0
FNDA:0,getProvider
FNDA:0,getSigner
FNDA:0,(anonymous_2)
FNDA:0,(anonymous_3)
DA:1,1
DA:2,1
DA:9,0
DA:11,0
DA:12,0
DA:13,0
DA:22,0
DA:24,0
DA:26,0
DA:28,0
DA:35,1
DA:42,0
DA:43,0
DA:44,0
DA:45,0
DA:52,0
DA:53,0
DA:54,0
LF:18
LH:3
BRDA:9,0,0,0
BRDA:9,0,1,0
BRDA:9,0,2,0
BRDA:22,1,0,0
BRDA:22,1,1,0
BRDA:22,1,2,0
BRF:6
BRH:0
end_of_record
TN:
SF:src/constants.ts
FNF:0
FNH:0
DA:1,1
DA:9,1
LF:2
LH:2
BRF:0
BRH:0
end_of_record
TN:
SF:src/contract.ts
FN:8,nameFunction
FN:10,(anonymous_9)
FN:16,(anonymous_10)
FN:19,(anonymous_11)
FN:90,(anonymous_12)
FN:94,(anonymous_13)
FN:98,(anonymous_14)
FN:98,(anonymous_15)
FN:111,(anonymous_16)
FN:115,(anonymous_17)
FN:115,(anonymous_18)
FN:137,(anonymous_19)
FN:159,validateBNLike
FNF:13
FNH:13
FNDA:2,nameFunction
FNDA:27,(anonymous_9)
FNDA:14,(anonymous_10)
FNDA:32,(anonymous_11)
FNDA:1,(anonymous_12)
FNDA:1,(anonymous_13)
FNDA:15,(anonymous_14)
FNDA:15,(anonymous_15)
FNDA:1,(anonymous_16)
FNDA:12,(anonymous_17)
FNDA:12,(anonymous_18)
FNDA:5,(anonymous_19)
FNDA:5,validateBNLike
DA:1,1
DA:2,1
DA:4,1
DA:5,1
DA:9,2
DA:11,27
DA:16,1
DA:17,14
DA:19,1
DA:20,32
DA:81,1
DA:91,1
DA:92,1
DA:93,1
DA:94,1
DA:95,1
DA:98,15
DA:99,15
DA:100,13
DA:102,2
DA:111,1
DA:112,1
DA:115,12
DA:116,12
DA:117,7
DA:120,5
DA:121,4
DA:122,4
DA:123,4
DA:131,1
DA:138,5
DA:140,3
DA:150,3
DA:160,5
DA:161,5
DA:162,9
DA:163,9
DA:164,2
LF:38
LH:38
BRDA:17,0,0,14
BRDA:17,0,1,12
BRDA:17,0,2,2
BRDA:93,1,0,0
BRDA:93,2,0,0
BRDA:98,3,0,1
BRDA:98,4,0,8
BRDA:99,5,0,13
BRDA:99,6,0,15
BRDA:99,6,1,14
BRDA:99,6,2,8
BRDA:99,7,0,14
BRDA:99,7,1,7
BRDA:116,8,0,7
BRDA:116,9,0,12
BRDA:116,9,1,11
BRDA:116,9,2,10
BRDA:116,10,0,10
BRDA:116,10,1,7
BRDA:120,11,0,4
BRDA:120,12,0,5
BRDA:120,12,1,3
BRDA:120,13,0,3
BRDA:120,13,1,2
BRDA:163,14,0,2
BRDA:163,15,0,9
BRDA:163,15,1,3
BRDA:163,15,2,3
BRF:28
BRH:26
end_of_record
TN:
SF:src/near.ts
FN:84,(anonymous_8)
FN:108,(anonymous_9)
FN:122,(anonymous_11)
FNF:3
FNH:0
FNDA:0,(anonymous_8)
FNDA:0,(anonymous_9)
FNDA:0,(anonymous_11)
DA:10,1
DA:11,1
DA:12,1
DA:15,1
DA:79,1
DA:85,0
DA:86,0
DA:93,0
DA:96,0
DA:97,0
DA:98,0
DA:99,0
DA:101,0
DA:109,0
DA:110,0
DA:123,0
DA:124,0
DA:126,0
DA:127,0
LF:19
LH:5
BRDA:89,0,0,0
BRDA:89,0,1,0
BRDA:90,1,0,0
BRDA:90,1,1,0
BRDA:93,2,0,0
BRDA:93,2,1,0
BRDA:96,3,0,0
BRDA:96,3,1,0
BRDA:98,4,0,0
BRDA:98,4,1,0
BRDA:123,5,0,0
BRF:11
BRH:0
end_of_record
TN:
SF:src/signer.ts
FN:38,(anonymous_8)
FN:52,(anonymous_9)
FN:64,(anonymous_11)
FN:76,(anonymous_13)
FN:90,(anonymous_15)
FN:102,(anonymous_17)
FNF:6
FNH:0
FNDA:0,(anonymous_8)
FNDA:0,(anonymous_9)
FNDA:0,(anonymous_11)
FNDA:0,(anonymous_13)
FNDA:0,(anonymous_15)
FNDA:0,(anonymous_17)
DA:1,1
DA:2,1
DA:4,1
DA:9,1
DA:35,1
DA:39,0
DA:40,0
DA:53,0
DA:54,0
DA:55,0
DA:65,0
DA:66,0
DA:67,0
DA:77,0
DA:78,0
DA:79,0
DA:81,0
DA:91,0
DA:92,0
DA:93,0
DA:95,0
DA:96,0
DA:97,0
DA:99,0
DA:103,0
LF:25
LH:5
BRDA:78,0,0,0
BRDA:92,1,0,0
BRDA:96,2,0,0
BRF:3
BRH:0
end_of_record
TN:
SF:src/transaction.ts
FN:26,fullAccessKey
FN:30,functionCallAccessKey
FN:45,createAccount
FN:49,deployContract
FN:53,stringifyJsonOrBytes
FN:70,functionCall
FN:77,transfer
FN:81,stake
FN:85,addKey
FN:89,deleteKey
FN:93,deleteAccount
FN:110,(anonymous_19)
FN:114,(anonymous_20)
FN:123,(anonymous_21)
FN:127,(anonymous_22)
FN:223,createTransaction
FN:234,signTransactionObject
FN:247,signTransaction
FNF:18
FNH:2
FNDA:0,fullAccessKey
FNDA:0,functionCallAccessKey
FNDA:0,createAccount
FNDA:0,deployContract
FNDA:2,stringifyJsonOrBytes
FNDA:2,functionCall
FNDA:0,transfer
FNDA:0,stake
FNDA:0,addKey
FNDA:0,deleteKey
FNDA:0,deleteAccount
FNDA:0,(anonymous_19)
FNDA:0,(anonymous_20)
FNDA:0,(anonymous_21)
FNDA:0,(anonymous_22)
FNDA:0,createTransaction
FNDA:0,signTransactionObject
FNDA:0,signTransaction
DA:1,2
DA:4,2
DA:5,2
DA:6,2
DA:9,2
DA:15,2
DA:17,2
DA:22,2
DA:26,2
DA:27,0
DA:30,2
DA:31,0
DA:34,2
DA:36,2
DA:37,2
DA:38,2
DA:39,2
DA:40,2
DA:41,2
DA:42,2
DA:43,2
DA:45,2
DA:46,0
DA:49,2
DA:50,0
DA:53,2
DA:54,2
DA:55,2
DA:56,2
DA:70,2
DA:71,2
DA:72,0
DA:74,2
DA:77,2
DA:78,0
DA:81,2
DA:82,0
DA:85,2
DA:86,0
DA:89,2
DA:90,0
DA:93,2
DA:94,0
DA:97,2
DA:102,2
DA:111,0
DA:115,0
DA:119,2
DA:124,0
DA:128,0
DA:136,2
DA:149,2
DA:223,2
DA:224,0
DA:235,0
DA:236,0
DA:237,0
DA:238,0
DA:242,0
DA:247,2
DA:248,0
DA:249,0
DA:250,0
DA:252,0
DA:253,0
DA:254,0
DA:255,0
LF:67
LH:40
BRDA:54,0,0,2
BRDA:54,0,1,1
BRDA:55,1,0,1
BRDA:55,1,1,1
BRDA:70,2,0,2
BRDA:70,3,0,2
BRDA:71,4,0,0
BRDA:248,5,0,0
BRDA:248,5,1,0
BRF:9
BRH:6
end_of_record
TN:
SF:src/validators.ts
FN:14,findSeatPrice
FN:26,findSeatPriceForProtocolBefore49
FN:27,(anonymous_3)
FN:27,(anonymous_4)
FN:29,(anonymous_5)
FN:55,findSeatPriceForProtocolAfter49
FN:59,(anonymous_7)
FN:59,(anonymous_8)
FN:60,(anonymous_9)
FN:84,diffEpochValidators
FN:86,(anonymous_11)
FN:87,(anonymous_12)
FN:89,(anonymous_13)
FN:90,(anonymous_14)
FN:91,(anonymous_15)
FN:92,(anonymous_16)
FNF:16
FNH:0
FNDA:0,findSeatPrice
FNDA:0,findSeatPriceForProtocolBefore49
FNDA:0,(anonymous_3)
FNDA:0,(anonymous_4)
FNDA:0,(anonymous_5)
FNDA:0,findSeatPriceForProtocolAfter49
FNDA:0,(anonymous_7)
FNDA:0,(anonymous_8)
FNDA:0,(anonymous_9)
FNDA:0,diffEpochValidators
FNDA:0,(anonymous_11)
FNDA:0,(anonymous_12)
FNDA:0,(anonymous_13)
FNDA:0,(anonymous_14)
FNDA:0,(anonymous_15)
FNDA:0,(anonymous_16)
DA:3,1
DA:4,1
DA:14,1
DA:15,0
DA:16,0
DA:18,0
DA:19,0
DA:20,0
DA:21,0
DA:23,0
DA:27,0
DA:28,0
DA:29,0
DA:30,0
DA:31,0
DA:34,0
DA:35,0
DA:36,0
DA:37,0
DA:38,0
DA:39,0
DA:40,0
DA:41,0
DA:42,0
DA:43,0
DA:44,0
DA:47,0
DA:48,0
DA:51,0
DA:56,0
DA:57,0
DA:59,0
DA:60,0
DA:61,0
DA:62,0
DA:64,0
DA:84,1
DA:85,0
DA:86,0
DA:87,0
DA:88,0
DA:89,0
DA:90,0
DA:91,0
DA:92,0
LF:45
LH:4
BRDA:15,0,0,0
BRDA:15,1,0,0
BRDA:15,1,1,0
BRDA:18,2,0,0
BRDA:30,3,0,0
BRDA:41,4,0,0
BRDA:47,5,0,0
BRDA:56,6,0,0
BRDA:61,7,0,0
BRDA:61,7,1,0
BRDA:91,8,0,0
BRDA:91,8,1,0
BRF:12
BRH:0
end_of_record
TN:
SF:src/wallet-account.ts
FN:87,(anonymous_8)
FN:90,(anonymous_9)
FN:92,(anonymous_10)
FN:95,(anonymous_11)
FN:98,(anonymous_12)
FN:128,(anonymous_13)
FN:142,(anonymous_14)
FN:159,(anonymous_16)
FN:177,(anonymous_17)
FN:194,(anonymous_19)
FN:205,(anonymous_20)
FN:210,(anonymous_22)
FN:211,(anonymous_23)
FN:223,(anonymous_24)
FN:254,(anonymous_26)
FN:265,(anonymous_28)
FN:273,(anonymous_29)
FN:287,(anonymous_30)
FN:298,(anonymous_31)
FN:330,(anonymous_34)
FN:331,(anonymous_35)
FN:346,(anonymous_36)
FN:383,(anonymous_38)
FN:387,(anonymous_40)
FNF:24
FNH:0
FNDA:0,(anonymous_8)
FNDA:0,(anonymous_9)
FNDA:0,(anonymous_10)
FNDA:0,(anonymous_11)
FNDA:0,(anonymous_12)
FNDA:0,(anonymous_13)
FNDA:0,(anonymous_14)
FNDA:0,(anonymous_16)
FNDA:0,(anonymous_17)
FNDA:0,(anonymous_19)
FNDA:0,(anonymous_20)
FNDA:0,(anonymous_22)
FNDA:0,(anonymous_23)
FNDA:0,(anonymous_24)
FNDA:0,(anonymous_26)
FNDA:0,(anonymous_28)
FNDA:0,(anonymous_29)
FNDA:0,(anonymous_30)
FNDA:0,(anonymous_31)
FNDA:0,(anonymous_34)
FNDA:0,(anonymous_35)
FNDA:0,(anonymous_36)
FNDA:0,(anonymous_38)
FNDA:0,(anonymous_40)
DA:9,1
DA:14,1
DA:15,1
DA:16,1
DA:18,1
DA:19,1
DA:21,1
DA:22,1
DA:23,1
DA:24,1
DA:62,1
DA:88,0
DA:89,0
DA:91,0
DA:92,0
DA:94,0
DA:95,0
DA:97,0
DA:98,0
DA:99,0
DA:102,0
DA:106,0
DA:107,0
DA:108,0
DA:109,0
DA:110,0
DA:111,0
DA:112,0
DA:113,0
DA:114,0
DA:115,0
DA:116,0
DA:129,0
DA:143,0
DA:144,0
DA:147,0
DA:148,0
DA:160,0
DA:178,0
DA:179,0
DA:180,0
DA:181,0
DA:182,0
DA:184,0
DA:185,0
DA:187,0
DA:188,0
DA:189,0
DA:190,0
DA:193,0
DA:194,0
DA:195,0
DA:199,0
DA:206,0
DA:207,0
DA:209,0
DA:210,0
DA:211,0
DA:213,0
DA:214,0
DA:216,0
DA:224,0
DA:225,0
DA:226,0
DA:227,0
DA:229,0
DA:230,0
DA:234,0
DA:235,0
DA:236,0
DA:238,0
DA:240,0
DA:241,0
DA:242,0
DA:243,0
DA:244,0
DA:246,0
DA:255,0
DA:256,0
DA:257,0
DA:266,0
DA:267,0
DA:274,0
DA:275,0
DA:277,0
DA:284,1
DA:288,0
DA:289,0
DA:299,0
DA:300,0
DA:301,0
DA:302,0
DA:305,0
DA:306,0
DA:307,0
DA:309,0
DA:310,0
DA:312,0
DA:317,0
DA:318,0
DA:320,0
DA:322,0
DA:323,0
DA:324,0
DA:330,0
DA:331,0
DA:332,0
DA:347,0
DA:348,0
DA:349,0
DA:352,0
DA:353,0
DA:358,0
DA:359,0
DA:361,0
DA:362,0
DA:363,0
DA:365,0
DA:366,0
DA:374,0
DA:384,0
DA:386,0
DA:387,0
DA:388,0
DA:389,0
DA:393,0
DA:394,0
DA:395,0
DA:396,0
DA:400,0
LF:130
LH:12
BRDA:88,0,0,0
BRDA:91,1,0,0
BRDA:94,2,0,0
BRDA:97,3,0,0
BRDA:97,4,0,0
BRDA:97,4,1,0
BRDA:111,5,0,0
BRDA:111,5,1,0
BRDA:111,5,2,0
BRDA:113,6,0,0
BRDA:113,6,1,0
BRDA:115,7,0,0
BRDA:143,8,0,0
BRDA:160,9,0,0
BRDA:160,9,1,0
BRDA:180,10,0,0
BRDA:180,10,1,0
BRDA:181,11,0,0
BRDA:181,11,1,0
BRDA:182,12,0,0
BRDA:193,13,0,0
BRDA:213,14,0,0
BRDA:213,14,1,0
BRDA:214,15,0,0
BRDA:225,16,0,0
BRDA:225,16,1,0
BRDA:226,17,0,0
BRDA:226,17,1,0
BRDA:227,18,0,0
BRDA:227,18,1,0
BRDA:229,19,0,0
BRDA:235,20,0,0
BRDA:274,21,0,0
BRDA:298,22,0,0
BRDA:301,23,0,0
BRDA:305,24,0,0
BRDA:305,25,0,0
BRDA:305,25,1,0
BRDA:309,26,0,0
BRDA:309,26,1,0
BRDA:348,27,0,0
BRDA:352,28,0,0
BRDA:358,29,0,0
BRDA:358,30,0,0
BRDA:358,30,1,0
BRDA:361,31,0,0
BRDA:362,32,0,0
BRDA:366,33,0,0
BRDA:366,33,1,0
BRDA:366,33,2,0
BRDA:366,33,3,0
BRDA:366,33,4,0
BRDA:386,34,0,0
BRDA:388,35,0,0
BRDA:388,36,0,0
BRDA:388,36,1,0
BRDA:395,37,0,0
BRDA:395,38,0,0
BRDA:395,38,1,0
BRF:59
BRH:0
end_of_record
TN:
SF:src/key_stores/in_memory_key_store.ts
FN:35,(anonymous_7)
FN:46,(anonymous_8)
FN:56,(anonymous_10)
FN:69,(anonymous_12)
FN:76,(anonymous_14)
FN:84,(anonymous_16)
FN:86,(anonymous_18)
FN:97,(anonymous_19)
FN:99,(anonymous_21)
FN:109,(anonymous_22)
FNF:10
FNH:0
FNDA:0,(anonymous_7)
FNDA:0,(anonymous_8)
FNDA:0,(anonymous_10)
FNDA:0,(anonymous_12)
FNDA:0,(anonymous_14)
FNDA:0,(anonymous_16)
FNDA:0,(anonymous_18)
FNDA:0,(anonymous_19)
FNDA:0,(anonymous_21)
FNDA:0,(anonymous_22)
DA:1,1
DA:2,1
DA:31,1
DA:36,0
DA:37,0
DA:47,0
DA:57,0
DA:58,0
DA:59,0
DA:61,0
DA:70,0
DA:77,0
DA:85,0
DA:86,0
DA:87,0
DA:88,0
DA:90,0
DA:98,0
DA:99,0
DA:100,0
DA:101,0
DA:102,0
DA:105,0
DA:110,0
LF:24
LH:3
BRDA:58,0,0,0
BRDA:101,1,0,0
BRF:2
BRH:0
end_of_record
TN:
SF:src/key_stores/keystore.ts
FNF:0
FNH:0
DA:9,1
LF:1
LH:1
BRF:0
BRH:0
end_of_record
TN:
SF:src/providers/index.ts
FN:7,(anonymous_0)
FN:13,(anonymous_1)
FN:12,(anonymous_2)
FN:9,(anonymous_3)
FN:14,(anonymous_4)
FN:15,(anonymous_5)
FNF:6
FNH:1
FNDA:0,(anonymous_0)
FNDA:3,(anonymous_1)
FNDA:0,(anonymous_2)
FNDA:0,(anonymous_3)
FNDA:0,(anonymous_4)
FNDA:0,(anonymous_5)
DA:3,1
DA:4,1
DA:7,1
DA:9,1
DA:12,1
DA:13,4
DA:14,1
DA:15,1
LF:8
LH:8
BRF:0
BRH:0
end_of_record
TN:
SF:src/providers/json-rpc-provider.ts
FN:35,(anonymous_9)
FN:35,(anonymous_10)
FN:60,(anonymous_11)
FN:69,(anonymous_12)
FN:79,(anonymous_14)
FN:90,(anonymous_16)
FN:102,(anonymous_18)
FN:110,(anonymous_20)
FN:114,(anonymous_22)
FN:125,(anonymous_24)
FN:140,(anonymous_26)
FN:165,(anonymous_28)
FN:176,(anonymous_30)
FN:188,(anonymous_32)
FN:198,(anonymous_34)
FN:207,(anonymous_36)
FN:216,(anonymous_38)
FN:225,(anonymous_40)
FN:242,(anonymous_42)
FN:259,(anonymous_44)
FN:277,(anonymous_46)
FN:296,(anonymous_48)
FN:313,(anonymous_50)
FN:323,(anonymous_52)
FN:324,(anonymous_54)
FN:324,(anonymous_55)
FNF:26
FNH:0
FNDA:0,(anonymous_9)
FNDA:0,(anonymous_10)
FNDA:0,(anonymous_11)
FNDA:0,(anonymous_12)
FNDA:0,(anonymous_14)
FNDA:0,(anonymous_16)
FNDA:0,(anonymous_18)
FNDA:0,(anonymous_20)
FNDA:0,(anonymous_22)
FNDA:0,(anonymous_24)
FNDA:0,(anonymous_26)
FNDA:0,(anonymous_28)
FNDA:0,(anonymous_30)
FNDA:0,(anonymous_32)
FNDA:0,(anonymous_34)
FNDA:0,(anonymous_36)
FNDA:0,(anonymous_38)
FNDA:0,(anonymous_40)
FNDA:0,(anonymous_42)
FNDA:0,(anonymous_44)
FNDA:0,(anonymous_46)
FNDA:0,(anonymous_48)
FNDA:0,(anonymous_50)
FNDA:0,(anonymous_52)
FNDA:0,(anonymous_54)
FNDA:0,(anonymous_55)
DA:8,1
DA:27,1
DA:28,1
DA:29,1
DA:30,1
DA:31,1
DA:35,1
DA:38,1
DA:41,1
DA:44,1
DA:47,1
DA:53,1
DA:61,0
DA:62,0
DA:70,0
DA:80,0
DA:81,0
DA:91,0
DA:92,0
DA:103,0
DA:104,0
DA:106,0
DA:111,0
DA:115,0
DA:126,0
DA:127,0
DA:130,0
DA:142,0
DA:143,0
DA:144,0
DA:146,0
DA:147,0
DA:149,0
DA:150,0
DA:155,0
DA:166,0
DA:167,0
DA:168,0
DA:177,0
DA:178,0
DA:179,0
DA:189,0
DA:199,0
DA:208,0
DA:209,0
DA:217,0
DA:226,0
DA:227,0
DA:228,0
DA:243,0
DA:244,0
DA:245,0
DA:260,0
DA:261,0
DA:262,0
DA:278,0
DA:279,0
DA:280,0
DA:297,0
DA:298,0
DA:299,0
DA:314,0
DA:324,0
DA:325,0
DA:326,0
DA:332,0
DA:333,0
DA:334,0
DA:335,0
DA:337,0
DA:340,0
DA:342,0
DA:345,0
DA:347,0
DA:350,0
DA:354,0
DA:356,0
DA:357,0
DA:358,0
DA:360,0
DA:363,0
DA:366,0
DA:371,0
DA:372,0
DA:375,0
LF:85
LH:12
BRDA:62,0,0,0
BRDA:62,0,1,0
BRDA:103,1,0,0
BRDA:103,1,1,0
BRDA:126,2,0,0
BRDA:126,2,1,0
BRDA:142,3,0,0
BRDA:142,3,1,0
BRDA:144,4,0,0
BRDA:144,4,1,0
BRDA:149,5,0,0
BRDA:149,6,0,0
BRDA:149,6,1,0
BRDA:277,7,0,0
BRDA:333,8,0,0
BRDA:334,9,0,0
BRDA:334,9,1,0
BRDA:335,10,0,0
BRDA:335,11,0,0
BRDA:335,11,1,0
BRDA:345,12,0,0
BRDA:345,13,0,0
BRDA:345,13,1,0
BRDA:345,13,2,0
BRDA:356,14,0,0
BRDA:357,15,0,0
BRDA:371,16,0,0
BRF:27
BRH:0
end_of_record
TN:
SF:src/providers/provider.ts
FN:38,(anonymous_0)
FN:50,(anonymous_1)
FN:292,(anonymous_2)
FN:444,getTransactionLastResult
FNF:4
FNH:4
FNDA:1,(anonymous_0)
FNDA:1,(anonymous_1)
FNDA:1,(anonymous_2)
FNDA:3,getTransactionLastResult
DA:38,1
DA:39,1
DA:40,1
DA:41,1
DA:50,1
DA:51,1
DA:52,1
DA:53,1
DA:292,1
DA:293,1
DA:294,1
DA:418,1
DA:444,1
DA:445,3
DA:446,0
DA:447,0
DA:448,0
DA:450,0
DA:453,3
LF:19
LH:15
BRDA:38,0,0,1
BRDA:38,0,1,1
BRDA:50,1,0,1
BRDA:50,1,1,1
BRDA:292,2,0,1
BRDA:292,2,1,1
BRDA:445,3,0,0
BRDA:445,4,0,3
BRDA:445,4,1,0
BRF:9
BRH:7
end_of_record
TN:
SF:src/utils/enums.ts
FN:5,(anonymous_0)
FN:9,(anonymous_1)
FN:17,(anonymous_2)
FN:18,(anonymous_3)
FNF:4
FNH:4
FNDA:2,(anonymous_0)
FNDA:2,(anonymous_1)
FNDA:2,(anonymous_2)
FNDA:8,(anonymous_3)
DA:2,2
DA:6,2
DA:7,0
DA:9,2
DA:10,2
DA:11,2
DA:16,2
DA:18,2
DA:19,8
LF:9
LH:8
BRDA:6,0,0,0
BRF:1
BRH:0
end_of_record
TN:
SF:src/utils/errors.ts
FN:2,(anonymous_0)
FN:8,(anonymous_1)
FN:16,(anonymous_2)
FN:25,(anonymous_3)
FN:30,logWarning
FNF:5
FNH:2
FNDA:20,(anonymous_0)
FNDA:2,(anonymous_1)
FNDA:0,(anonymous_2)
FNDA:0,(anonymous_3)
FNDA:0,logWarning
DA:1,1
DA:3,20
DA:7,1
DA:9,2
DA:13,1
DA:17,0
DA:18,0
DA:19,0
DA:23,1
DA:26,0
DA:30,1
DA:31,0
DA:32,0
LF:13
LH:7
BRDA:18,0,0,0
BRDA:18,0,1,0
BRDA:31,1,0,0
BRF:3
BRH:0
end_of_record
TN:
SF:src/utils/exponential-backoff.ts
FN:1,exponentialBackoff
FN:19,sleep
FN:20,(anonymous_10)
FNF:3
FNH:0
FNDA:0,exponentialBackoff
FNDA:0,sleep
FNDA:0,(anonymous_10)
DA:1,1
DA:4,0
DA:5,0
DA:6,0
DA:7,0
DA:8,0
DA:11,0
DA:12,0
DA:15,0
DA:20,0
LF:10
LH:1
BRDA:7,0,0,0
BRF:1
BRH:0
end_of_record
TN:
SF:src/utils/format.ts
FN:28,formatNearAmount
FN:53,parseNearAmount
FN:70,cleanupAmount
FN:79,trimTrailingZeroes
FN:88,trimLeadingZeroes
FN:101,formatWithCommas
FNF:6
FNH:3
FNDA:0,formatNearAmount
FNDA:1,parseNearAmount
FNDA:1,cleanupAmount
FNDA:0,trimTrailingZeroes
FNDA:1,trimLeadingZeroes
FNDA:0,formatWithCommas
DA:1,1
DA:6,1
DA:11,1
DA:14,1
DA:15,1
DA:16,1
DA:17,24
DA:28,1
DA:29,0
DA:30,0
DA:32,0
DA:33,0
DA:34,0
DA:38,0
DA:39,0
DA:40,0
DA:43,0
DA:53,1
DA:54,1
DA:55,1
DA:56,1
DA:57,1
DA:58,1
DA:59,1
DA:60,0
DA:62,1
DA:71,1
DA:80,0
DA:89,1
DA:90,1
DA:91,0
DA:93,1
DA:102,0
DA:103,0
DA:104,0
DA:106,0
LF:36
LH:20
BRDA:28,0,0,0
BRDA:30,1,0,0
BRDA:33,2,0,0
BRDA:39,3,0,0
BRDA:39,3,1,0
BRDA:54,4,0,0
BRDA:58,5,0,1
BRDA:58,5,1,1
BRDA:59,6,0,0
BRDA:59,7,0,1
BRDA:59,7,1,1
BRDA:90,8,0,0
BRF:12
BRH:4
end_of_record
TN:
SF:src/utils/index.ts
FN:18,(anonymous_6)
FN:19,(anonymous_7)
FN:20,(anonymous_8)
FN:22,(anonymous_9)
FNF:4
FNH:0
FNDA:0,(anonymous_6)
FNDA:0,(anonymous_7)
FNDA:0,(anonymous_8)
FNDA:0,(anonymous_9)
DA:2,1
DA:3,1
DA:4,1
DA:5,1
DA:6,1
DA:7,1
DA:9,1
DA:10,1
DA:13,1
DA:14,1
DA:15,1
DA:16,1
DA:17,1
DA:18,1
DA:19,1
DA:20,1
DA:21,1
DA:22,1
LF:18
LH:18
BRF:0
BRH:0
end_of_record
TN:
SF:src/utils/key_pair.ts
FN:13,(anonymous_1)
FN:17,key_type_to_str
FN:24,str_to_key_type
FN:38,(anonymous_4)
FN:45,(anonymous_5)
FN:56,(anonymous_6)
FN:60,(anonymous_7)
FN:78,(anonymous_8)
FN:85,(anonymous_9)
FN:113,(anonymous_10)
FN:130,(anonymous_11)
FN:135,(anonymous_12)
FN:140,(anonymous_13)
FN:144,(anonymous_14)
FN:148,(anonymous_15)
FNF:15
FNH:1
FNDA:2,(anonymous_1)
FNDA:0,key_type_to_str
FNDA:0,str_to_key_type
FNDA:0,(anonymous_4)
FNDA:0,(anonymous_5)
FNDA:0,(anonymous_6)
FNDA:0,(anonymous_7)
FNDA:0,(anonymous_8)
FNDA:0,(anonymous_9)
FNDA:0,(anonymous_10)
FNDA:0,(anonymous_11)
FNDA:0,(anonymous_12)
FNDA:0,(anonymous_13)
FNDA:0,(anonymous_14)
FNDA:0,(anonymous_15)
DA:1,2
DA:2,2
DA:3,2
DA:13,2
DA:14,2
DA:18,0
DA:19,0
DA:20,0
DA:25,0
DA:26,0
DA:27,0
DA:34,2
DA:39,0
DA:40,0
DA:42,0
DA:46,0
DA:47,0
DA:48,0
DA:49,0
DA:50,0
DA:52,0
DA:57,0
DA:61,0
DA:62,0
DA:63,0
DA:68,2
DA:79,0
DA:80,0
DA:81,0
DA:86,0
DA:87,0
DA:88,0
DA:89,0
DA:90,0
DA:91,0
DA:92,0
DA:95,0
DA:104,2
DA:114,0
DA:115,0
DA:116,0
DA:117,0
DA:131,0
DA:132,0
DA:136,0
DA:137,0
DA:141,0
DA:145,0
DA:149,0
LF:49
LH:8
BRDA:13,0,0,2
BRDA:13,0,1,2
BRDA:18,1,0,0
BRDA:18,1,1,0
BRDA:25,2,0,0
BRDA:25,2,1,0
BRDA:39,3,0,0
BRDA:47,4,0,0
BRDA:47,4,1,0
BRDA:49,5,0,0
BRDA:49,5,1,0
BRDA:61,6,0,0
BRDA:61,6,1,0
BRDA:79,7,0,0
BRDA:79,7,1,0
BRDA:87,8,0,0
BRDA:87,8,1,0
BRDA:89,9,0,0
BRDA:89,9,1,0
BRDA:90,10,0,0
BRDA:90,10,1,0
BRF:21
BRH:2
end_of_record
TN:
SF:src/utils/rpc_errors.ts
FN:9,(anonymous_1)
FN:9,(anonymous_2)
FN:19,parseRpcError
FN:28,parseResultError
FN:38,formatError
FN:55,walkSubtype
FN:88,getErrorTypeFromErrorMessage
FN:110,isObject
FN:118,isString
FNF:9
FNH:0
FNDA:0,(anonymous_1)
FNDA:0,(anonymous_2)
FNDA:0,parseRpcError
FNDA:0,parseResultError
FNDA:0,formatError
FNDA:0,walkSubtype
FNDA:0,getErrorTypeFromErrorMessage
FNDA:0,isObject
FNDA:0,isString
DA:2,1
DA:3,1
DA:4,1
DA:5,1
DA:6,1
DA:8,1
DA:9,0
DA:12,1
DA:19,1
DA:20,0
DA:21,0
DA:23,0
DA:24,0
DA:25,0
DA:28,1
DA:29,0
DA:30,0
DA:31,0
DA:32,0
DA:33,0
DA:34,0
DA:35,0
DA:38,1
DA:39,0
DA:40,0
DA:45,0
DA:59,0
DA:60,0
DA:62,0
DA:64,0
DA:65,0
DA:66,0
DA:67,0
DA:68,0
DA:69,0
DA:70,0
DA:71,0
DA:73,0
DA:76,0
DA:77,0
DA:78,0
DA:80,0
DA:83,0
DA:84,0
DA:88,1
DA:90,0
DA:92,0
DA:94,0
DA:96,0
DA:98,0
DA:100,0
DA:102,0
DA:111,0
DA:119,0
LF:54
LH:11
BRDA:39,0,0,0
BRDA:60,1,0,0
BRDA:64,2,0,0
BRDA:64,2,1,0
BRDA:68,3,0,0
BRDA:68,3,1,0
BRDA:68,4,0,0
BRDA:68,4,1,0
BRDA:76,5,0,0
BRDA:76,5,1,0
BRDA:76,6,0,0
BRDA:76,6,1,0
BRDA:90,7,0,0
BRDA:90,7,1,0
BRDA:90,7,2,0
BRDA:90,7,3,0
BRDA:90,7,4,0
BRDA:90,7,5,0
BRF:18
BRH:0
end_of_record
TN:
SF:src/utils/serialize.ts
FN:2,(anonymous_0)
FN:3,(anonymous_1)
FN:4,(anonymous_2)
FN:5,(anonymous_3)
FN:7,(anonymous_4)
FN:8,(anonymous_5)
FN:9,(anonymous_6)
FNF:7
FNH:0
FNDA:0,(anonymous_0)
FNDA:0,(anonymous_1)
FNDA:0,(anonymous_2)
FNDA:0,(anonymous_3)
FNDA:0,(anonymous_4)
FNDA:0,(anonymous_5)
FNDA:0,(anonymous_6)
DA:1,2
DA:2,2
DA:3,2
DA:4,2
DA:5,2
DA:7,2
DA:8,2
DA:9,2
LF:8
LH:8
BRF:0
BRH:0
end_of_record
TN:
SF:src/utils/web.ts
FN:20,fetchJson
FN:28,(anonymous_10)
FN:28,(anonymous_11)
FNF:3
FNH:0
FNDA:0,fetchJson
FNDA:0,(anonymous_10)
FNDA:0,(anonymous_11)
DA:1,1
DA:3,1
DA:4,1
DA:5,1
DA:7,1
DA:8,1
DA:9,1
DA:20,1
DA:21,0
DA:22,0
DA:23,0
DA:25,0
DA:28,0
DA:29,0
DA:30,0
DA:35,0
DA:36,0
DA:37,0
DA:38,0
DA:40,0
DA:42,0
DA:44,0
DA:45,0
DA:46,0
DA:48,0
DA:51,0
DA:52,0
DA:54,0
LF:28
LH:8
BRDA:22,0,0,0
BRDA:22,0,1,0
BRDA:31,1,0,0
BRDA:31,1,1,0
BRDA:32,2,0,0
BRDA:32,2,1,0
BRDA:35,3,0,0
BRDA:36,4,0,0
BRDA:44,5,0,0
BRDA:44,6,0,0
BRDA:44,6,1,0
BRDA:51,7,0,0
BRF:12
BRH:0
end_of_record
